{"D:\\social_media\\server\\src\\App.ts": {"path":"D:\\social_media\\server\\src\\App.ts","statementMap":{"0":{"start":{"line":1,"column":0},"end":{"line":1,"column":30}},"1":{"start":{"line":3,"column":0},"end":{"line":3,"column":49}},"2":{"start":{"line":6,"column":0},"end":{"line":6,"column":41}},"3":{"start":{"line":7,"column":0},"end":{"line":7,"column":64}},"4":{"start":{"line":8,"column":0},"end":{"line":8,"column":73}},"5":{"start":{"line":9,"column":0},"end":{"line":9,"column":68}},"6":{"start":{"line":10,"column":0},"end":{"line":10,"column":58}},"7":{"start":{"line":11,"column":0},"end":{"line":11,"column":49}},"8":{"start":{"line":13,"column":0},"end":{"line":13,"column":29}},"9":{"start":{"line":15,"column":0},"end":{"line":15,"column":49}},"10":{"start":{"line":16,"column":0},"end":{"line":16,"column":45}},"11":{"start":{"line":17,"column":0},"end":{"line":17,"column":45}},"12":{"start":{"line":18,"column":0},"end":{"line":18,"column":51}},"13":{"start":{"line":19,"column":0},"end":{"line":19,"column":45}},"14":{"start":{"line":20,"column":0},"end":{"line":20,"column":50}},"15":{"start":{"line":25,"column":4},"end":{"line":25,"column":25}},"16":{"start":{"line":26,"column":4},"end":{"line":26,"column":29}},"17":{"start":{"line":27,"column":4},"end":{"line":27,"column":33}},"18":{"start":{"line":28,"column":4},"end":{"line":28,"column":72}},"19":{"start":{"line":29,"column":4},"end":{"line":29,"column":78}},"20":{"start":{"line":30,"column":4},"end":{"line":30,"column":34}},"21":{"start":{"line":33,"column":4},"end":{"line":40,"column":7}},"22":{"start":{"line":34,"column":21},"end":{"line":34,"column":44}},"23":{"start":{"line":35,"column":6},"end":{"line":38,"column":9}},"24":{"start":{"line":36,"column":58},"end":{"line":36,"column":63}},"25":{"start":{"line":37,"column":8},"end":{"line":37,"column":60}},"26":{"start":{"line":39,"column":6},"end":{"line":39,"column":78}},"27":{"start":{"line":43,"column":4},"end":{"line":43,"column":13}},"28":{"start":{"line":46,"column":4},"end":{"line":46,"column":33}},"29":{"start":{"line":47,"column":4},"end":{"line":47,"column":57}},"30":{"start":{"line":48,"column":4},"end":{"line":48,"column":33}},"31":{"start":{"line":49,"column":4},"end":{"line":49,"column":28}},"32":{"start":{"line":52,"column":4},"end":{"line":52,"column":30}},"33":{"start":{"line":55,"column":19},"end":{"line":57,"column":6}},"34":{"start":{"line":56,"column":6},"end":{"line":56,"column":69}},"35":{"start":{"line":58,"column":4},"end":{"line":58,"column":18}},"36":{"start":{"line":22,"column":0},"end":{"line":22,"column":21}}},"fnMap":{"0":{"name":"(anonymous_1)","decl":{"start":{"line":24,"column":2},"end":{"line":24,"column":null}},"loc":{"start":{"line":24,"column":2},"end":{"line":31,"column":3}}},"1":{"name":"(anonymous_2)","decl":{"start":{"line":32,"column":10},"end":{"line":32,"column":26}},"loc":{"start":{"line":32,"column":59},"end":{"line":41,"column":3}}},"2":{"name":"(anonymous_3)","decl":{"start":{"line":33,"column":26},"end":{"line":33,"column":27}},"loc":{"start":{"line":33,"column":37},"end":{"line":40,"column":5}}},"3":{"name":"(anonymous_4)","decl":{"start":{"line":35,"column":21},"end":{"line":35,"column":22}},"loc":{"start":{"line":35,"column":31},"end":{"line":38,"column":7}}},"4":{"name":"(anonymous_5)","decl":{"start":{"line":42,"column":10},"end":{"line":42,"column":27}},"loc":{"start":{"line":42,"column":27},"end":{"line":44,"column":3}}},"5":{"name":"(anonymous_6)","decl":{"start":{"line":45,"column":10},"end":{"line":45,"column":31}},"loc":{"start":{"line":45,"column":31},"end":{"line":50,"column":3}}},"6":{"name":"(anonymous_7)","decl":{"start":{"line":51,"column":10},"end":{"line":51,"column":32}},"loc":{"start":{"line":51,"column":32},"end":{"line":53,"column":3}}},"7":{"name":"(anonymous_8)","decl":{"start":{"line":54,"column":9},"end":{"line":54,"column":15}},"loc":{"start":{"line":54,"column":28},"end":{"line":59,"column":3}}},"8":{"name":"(anonymous_9)","decl":{"start":{"line":55,"column":41},"end":{"line":55,"column":44}},"loc":{"start":{"line":55,"column":46},"end":{"line":57,"column":5}}}},"branchMap":{"0":{"loc":{"start":{"line":37,"column":29},"end":{"line":37,"column":46}},"type":"binary-expr","locations":[{"start":{"line":37,"column":29},"end":{"line":37,"column":40}},{"start":{"line":37,"column":44},"end":{"line":37,"column":46}}]}},"s":{"0":1,"1":1,"2":1,"3":1,"4":1,"5":1,"6":1,"7":1,"8":1,"9":1,"10":1,"11":1,"12":1,"13":1,"14":1,"15":1,"16":1,"17":1,"18":1,"19":1,"20":1,"21":1,"22":4,"23":4,"24":30,"25":30,"26":4,"27":1,"28":1,"29":1,"30":1,"31":1,"32":1,"33":0,"34":0,"35":0,"36":1},"f":{"0":1,"1":1,"2":4,"3":30,"4":1,"5":1,"6":1,"7":0,"8":0},"b":{"0":[30,14]}}
,"D:\\social_media\\server\\src\\config\\config.ts": {"path":"D:\\social_media\\server\\src\\config\\config.ts","statementMap":{"0":{"start":{"line":1,"column":0},"end":{"line":1,"column":28}},"1":{"start":{"line":2,"column":0},"end":{"line":2,"column":16}},"2":{"start":{"line":3,"column":0},"end":{"line":21,"column":2}}},"fnMap":{},"branchMap":{"0":{"loc":{"start":{"line":4,"column":8},"end":{"line":4,"column":39}},"type":"binary-expr","locations":[{"start":{"line":4,"column":8},"end":{"line":4,"column":24}},{"start":{"line":4,"column":28},"end":{"line":4,"column":39}}]},"1":{"loc":{"start":{"line":5,"column":8},"end":{"line":5,"column":32}},"type":"binary-expr","locations":[{"start":{"line":5,"column":8},"end":{"line":5,"column":24}},{"start":{"line":5,"column":28},"end":{"line":5,"column":32}}]}},"s":{"0":1,"1":1,"2":1},"f":{},"b":{"0":[1,1],"1":[1,1]}}
,"D:\\social_media\\server\\src\\config\\db.ts": {"path":"D:\\social_media\\server\\src\\config\\db.ts","statementMap":{"0":{"start":{"line":1,"column":0},"end":{"line":1,"column":32}},"1":{"start":{"line":2,"column":0},"end":{"line":2,"column":50}},"2":{"start":{"line":3,"column":0},"end":{"line":3,"column":30}},"3":{"start":{"line":7,"column":4},"end":{"line":13,"column":9}},"4":{"start":{"line":12,"column":8},"end":{"line":12,"column":56}},"5":{"start":{"line":15,"column":4},"end":{"line":21,"column":7}},"6":{"start":{"line":16,"column":15},"end":{"line":16,"column":41}},"7":{"start":{"line":17,"column":6},"end":{"line":19,"column":9}},"8":{"start":{"line":20,"column":6},"end":{"line":20,"column":25}},"9":{"start":{"line":24,"column":4},"end":{"line":24,"column":21}},"10":{"start":{"line":4,"column":0},"end":{"line":4,"column":21}},"11":{"start":{"line":27,"column":15},"end":{"line":27,"column":29}},"12":{"start":{"line":28,"column":9},"end":{"line":28,"column":15}}},"fnMap":{"0":{"name":"(anonymous_1)","decl":{"start":{"line":6,"column":2},"end":{"line":6,"column":null}},"loc":{"start":{"line":6,"column":2},"end":{"line":22,"column":3}}},"1":{"name":"(anonymous_2)","decl":{"start":{"line":11,"column":12},"end":{"line":11,"column":15}},"loc":{"start":{"line":11,"column":17},"end":{"line":13,"column":7}}},"2":{"name":"(anonymous_3)","decl":{"start":{"line":15,"column":40},"end":{"line":15,"column":43}},"loc":{"start":{"line":15,"column":45},"end":{"line":21,"column":5}}},"3":{"name":"(anonymous_4)","decl":{"start":{"line":23,"column":2},"end":{"line":23,"column":8}},"loc":{"start":{"line":23,"column":18},"end":{"line":25,"column":3}}}},"branchMap":{},"s":{"0":1,"1":1,"2":1,"3":1,"4":0,"5":1,"6":0,"7":0,"8":0,"9":1,"10":1,"11":1,"12":1},"f":{"0":1,"1":0,"2":0,"3":1},"b":{}}
,"D:\\social_media\\server\\src\\controller\\comment.controller.ts": {"path":"D:\\social_media\\server\\src\\controller\\comment.controller.ts","statementMap":{"0":{"start":{"line":1,"column":0},"end":{"line":1,"column":null}},"1":{"start":{"line":8,"column":0},"end":{"line":8,"column":63}},"2":{"start":{"line":9,"column":0},"end":{"line":9,"column":55}},"3":{"start":{"line":11,"column":0},"end":{"line":11,"column":47}},"4":{"start":{"line":12,"column":0},"end":{"line":12,"column":73}},"5":{"start":{"line":14,"column":2},"end":{"line":34,"column":5}},"6":{"start":{"line":19,"column":19},"end":{"line":19,"column":29}},"7":{"start":{"line":20,"column":17},"end":{"line":20,"column":48}},"8":{"start":{"line":21,"column":4},"end":{"line":23,"column":null}},"9":{"start":{"line":22,"column":6},"end":{"line":22,"column":59}},"10":{"start":{"line":24,"column":21},"end":{"line":28,"column":28}},"11":{"start":{"line":29,"column":17},"end":{"line":29,"column":58}},"12":{"start":{"line":30,"column":4},"end":{"line":33,"column":7}},"13":{"start":{"line":37,"column":2},"end":{"line":59,"column":5}},"14":{"start":{"line":42,"column":24},"end":{"line":42,"column":34}},"15":{"start":{"line":43,"column":17},"end":{"line":43,"column":48}},"16":{"start":{"line":44,"column":4},"end":{"line":46,"column":null}},"17":{"start":{"line":45,"column":6},"end":{"line":45,"column":59}},"18":{"start":{"line":47,"column":26},"end":{"line":47,"column":61}},"19":{"start":{"line":48,"column":4},"end":{"line":50,"column":null}},"20":{"start":{"line":49,"column":6},"end":{"line":49,"column":62}},"21":{"start":{"line":51,"column":19},"end":{"line":53,"column":27}},"22":{"start":{"line":54,"column":18},"end":{"line":54,"column":59}},"23":{"start":{"line":55,"column":4},"end":{"line":58,"column":7}},"24":{"start":{"line":63,"column":2},"end":{"line":112,"column":5}},"25":{"start":{"line":69,"column":19},"end":{"line":69,"column":29}},"26":{"start":{"line":70,"column":29},"end":{"line":70,"column":37}},"27":{"start":{"line":71,"column":4},"end":{"line":73,"column":null}},"28":{"start":{"line":72,"column":6},"end":{"line":72,"column":58}},"29":{"start":{"line":74,"column":4},"end":{"line":81,"column":null}},"30":{"start":{"line":75,"column":6},"end":{"line":75,"column":22}},"31":{"start":{"line":77,"column":31},"end":{"line":77,"column":71}},"32":{"start":{"line":78,"column":6},"end":{"line":80,"column":null}},"33":{"start":{"line":79,"column":8},"end":{"line":79,"column":69}},"34":{"start":{"line":83,"column":4},"end":{"line":85,"column":null}},"35":{"start":{"line":84,"column":6},"end":{"line":84,"column":60}},"36":{"start":{"line":86,"column":19},"end":{"line":86,"column":34}},"37":{"start":{"line":87,"column":23},"end":{"line":87,"column":40}},"38":{"start":{"line":88,"column":4},"end":{"line":90,"column":null}},"39":{"start":{"line":89,"column":6},"end":{"line":89,"column":54}},"40":{"start":{"line":91,"column":15},"end":{"line":91,"column":46}},"41":{"start":{"line":92,"column":4},"end":{"line":94,"column":null}},"42":{"start":{"line":93,"column":6},"end":{"line":93,"column":59}},"43":{"start":{"line":95,"column":19},"end":{"line":95,"column":27}},"44":{"start":{"line":96,"column":18},"end":{"line":96,"column":30}},"45":{"start":{"line":97,"column":39},"end":{"line":105,"column":6}},"46":{"start":{"line":106,"column":20},"end":{"line":106,"column":60}},"47":{"start":{"line":107,"column":4},"end":{"line":111,"column":7}},"48":{"start":{"line":115,"column":2},"end":{"line":160,"column":5}},"49":{"start":{"line":121,"column":24},"end":{"line":121,"column":34}},"50":{"start":{"line":122,"column":19},"end":{"line":122,"column":27}},"51":{"start":{"line":123,"column":4},"end":{"line":125,"column":null}},"52":{"start":{"line":124,"column":6},"end":{"line":124,"column":58}},"53":{"start":{"line":126,"column":4},"end":{"line":128,"column":null}},"54":{"start":{"line":127,"column":6},"end":{"line":127,"column":60}},"55":{"start":{"line":129,"column":4},"end":{"line":131,"column":null}},"56":{"start":{"line":130,"column":6},"end":{"line":130,"column":63}},"57":{"start":{"line":133,"column":19},"end":{"line":133,"column":34}},"58":{"start":{"line":134,"column":23},"end":{"line":134,"column":40}},"59":{"start":{"line":135,"column":4},"end":{"line":137,"column":null}},"60":{"start":{"line":136,"column":6},"end":{"line":136,"column":54}},"61":{"start":{"line":138,"column":15},"end":{"line":138,"column":46}},"62":{"start":{"line":139,"column":4},"end":{"line":141,"column":null}},"63":{"start":{"line":140,"column":6},"end":{"line":140,"column":59}},"64":{"start":{"line":142,"column":18},"end":{"line":142,"column":53}},"65":{"start":{"line":143,"column":4},"end":{"line":145,"column":null}},"66":{"start":{"line":144,"column":6},"end":{"line":144,"column":62}},"67":{"start":{"line":146,"column":4},"end":{"line":148,"column":null}},"68":{"start":{"line":147,"column":6},"end":{"line":147,"column":54}},"69":{"start":{"line":149,"column":26},"end":{"line":149,"column":51}},"70":{"start":{"line":150,"column":22},"end":{"line":150,"column":39}},"71":{"start":{"line":151,"column":4},"end":{"line":153,"column":null}},"72":{"start":{"line":152,"column":6},"end":{"line":152,"column":54}},"73":{"start":{"line":154,"column":4},"end":{"line":154,"column":58}},"74":{"start":{"line":155,"column":4},"end":{"line":159,"column":7}},"75":{"start":{"line":163,"column":2},"end":{"line":202,"column":5}},"76":{"start":{"line":169,"column":24},"end":{"line":169,"column":34}},"77":{"start":{"line":170,"column":4},"end":{"line":172,"column":null}},"78":{"start":{"line":171,"column":6},"end":{"line":171,"column":60}},"79":{"start":{"line":174,"column":19},"end":{"line":174,"column":34}},"80":{"start":{"line":175,"column":4},"end":{"line":177,"column":null}},"81":{"start":{"line":176,"column":6},"end":{"line":176,"column":54}},"82":{"start":{"line":178,"column":15},"end":{"line":178,"column":46}},"83":{"start":{"line":179,"column":4},"end":{"line":181,"column":null}},"84":{"start":{"line":180,"column":6},"end":{"line":180,"column":59}},"85":{"start":{"line":182,"column":18},"end":{"line":182,"column":53}},"86":{"start":{"line":183,"column":4},"end":{"line":185,"column":null}},"87":{"start":{"line":184,"column":6},"end":{"line":184,"column":62}},"88":{"start":{"line":186,"column":4},"end":{"line":188,"column":null}},"89":{"start":{"line":187,"column":6},"end":{"line":187,"column":54}},"90":{"start":{"line":189,"column":23},"end":{"line":189,"column":45}},"91":{"start":{"line":190,"column":26},"end":{"line":190,"column":51}},"92":{"start":{"line":191,"column":22},"end":{"line":191,"column":39}},"93":{"start":{"line":192,"column":4},"end":{"line":194,"column":null}},"94":{"start":{"line":193,"column":6},"end":{"line":193,"column":54}},"95":{"start":{"line":195,"column":4},"end":{"line":195,"column":48}},"96":{"start":{"line":196,"column":4},"end":{"line":196,"column":65}},"97":{"start":{"line":197,"column":4},"end":{"line":201,"column":7}},"98":{"start":{"line":205,"column":2},"end":{"line":263,"column":5}},"99":{"start":{"line":210,"column":24},"end":{"line":210,"column":34}},"100":{"start":{"line":211,"column":27},"end":{"line":211,"column":35}},"101":{"start":{"line":212,"column":19},"end":{"line":212,"column":34}},"102":{"start":{"line":213,"column":23},"end":{"line":213,"column":40}},"103":{"start":{"line":214,"column":4},"end":{"line":216,"column":null}},"104":{"start":{"line":215,"column":6},"end":{"line":215,"column":60}},"105":{"start":{"line":217,"column":15},"end":{"line":217,"column":46}},"106":{"start":{"line":218,"column":4},"end":{"line":220,"column":null}},"107":{"start":{"line":219,"column":6},"end":{"line":219,"column":59}},"108":{"start":{"line":221,"column":18},"end":{"line":221,"column":53}},"109":{"start":{"line":222,"column":4},"end":{"line":224,"column":null}},"110":{"start":{"line":223,"column":6},"end":{"line":223,"column":62}},"111":{"start":{"line":225,"column":4},"end":{"line":227,"column":null}},"112":{"start":{"line":226,"column":6},"end":{"line":226,"column":62}},"113":{"start":{"line":228,"column":4},"end":{"line":231,"column":7}},"114":{"start":{"line":232,"column":4},"end":{"line":234,"column":null}},"115":{"start":{"line":233,"column":6},"end":{"line":233,"column":60}},"116":{"start":{"line":235,"column":4},"end":{"line":242,"column":null}},"117":{"start":{"line":236,"column":24},"end":{"line":236,"column":69}},"118":{"start":{"line":237,"column":6},"end":{"line":239,"column":null}},"119":{"start":{"line":238,"column":8},"end":{"line":238,"column":68}},"120":{"start":{"line":241,"column":6},"end":{"line":241,"column":36}},"121":{"start":{"line":243,"column":4},"end":{"line":257,"column":6}},"122":{"start":{"line":258,"column":4},"end":{"line":262,"column":7}},"123":{"start":{"line":264,"column":2},"end":{"line":314,"column":5}},"124":{"start":{"line":269,"column":24},"end":{"line":269,"column":34}},"125":{"start":{"line":270,"column":27},"end":{"line":270,"column":35}},"126":{"start":{"line":271,"column":19},"end":{"line":271,"column":34}},"127":{"start":{"line":272,"column":4},"end":{"line":274,"column":null}},"128":{"start":{"line":273,"column":6},"end":{"line":273,"column":60}},"129":{"start":{"line":275,"column":4},"end":{"line":277,"column":null}},"130":{"start":{"line":276,"column":6},"end":{"line":276,"column":63}},"131":{"start":{"line":278,"column":15},"end":{"line":278,"column":46}},"132":{"start":{"line":279,"column":4},"end":{"line":281,"column":null}},"133":{"start":{"line":280,"column":6},"end":{"line":280,"column":59}},"134":{"start":{"line":282,"column":18},"end":{"line":282,"column":53}},"135":{"start":{"line":283,"column":4},"end":{"line":285,"column":null}},"136":{"start":{"line":284,"column":6},"end":{"line":284,"column":62}},"137":{"start":{"line":286,"column":4},"end":{"line":288,"column":null}},"138":{"start":{"line":287,"column":6},"end":{"line":287,"column":62}},"139":{"start":{"line":289,"column":22},"end":{"line":289,"column":67}},"140":{"start":{"line":290,"column":4},"end":{"line":292,"column":null}},"141":{"start":{"line":291,"column":6},"end":{"line":291,"column":66}},"142":{"start":{"line":293,"column":4},"end":{"line":296,"column":7}},"143":{"start":{"line":297,"column":4},"end":{"line":299,"column":null}},"144":{"start":{"line":298,"column":6},"end":{"line":298,"column":63}},"145":{"start":{"line":300,"column":4},"end":{"line":308,"column":6}},"146":{"start":{"line":309,"column":4},"end":{"line":313,"column":7}},"147":{"start":{"line":315,"column":2},"end":{"line":365,"column":5}},"148":{"start":{"line":320,"column":24},"end":{"line":320,"column":34}},"149":{"start":{"line":321,"column":27},"end":{"line":321,"column":35}},"150":{"start":{"line":322,"column":19},"end":{"line":322,"column":34}},"151":{"start":{"line":323,"column":4},"end":{"line":325,"column":null}},"152":{"start":{"line":324,"column":6},"end":{"line":324,"column":60}},"153":{"start":{"line":326,"column":4},"end":{"line":328,"column":null}},"154":{"start":{"line":327,"column":6},"end":{"line":327,"column":63}},"155":{"start":{"line":329,"column":15},"end":{"line":329,"column":46}},"156":{"start":{"line":330,"column":4},"end":{"line":332,"column":null}},"157":{"start":{"line":331,"column":6},"end":{"line":331,"column":59}},"158":{"start":{"line":333,"column":18},"end":{"line":333,"column":53}},"159":{"start":{"line":334,"column":4},"end":{"line":336,"column":null}},"160":{"start":{"line":335,"column":6},"end":{"line":335,"column":62}},"161":{"start":{"line":337,"column":4},"end":{"line":339,"column":null}},"162":{"start":{"line":338,"column":6},"end":{"line":338,"column":62}},"163":{"start":{"line":340,"column":4},"end":{"line":343,"column":7}},"164":{"start":{"line":344,"column":4},"end":{"line":346,"column":null}},"165":{"start":{"line":345,"column":6},"end":{"line":345,"column":63}},"166":{"start":{"line":347,"column":4},"end":{"line":359,"column":6}},"167":{"start":{"line":360,"column":4},"end":{"line":364,"column":7}},"168":{"start":{"line":13,"column":0},"end":{"line":13,"column":21}}},"fnMap":{"0":{"name":"(anonymous_14)","decl":{"start":{"line":13,"column":0},"end":{"line":13,"column":21}},"loc":{"start":{"line":13,"column":0},"end":{"line":366,"column":1}}},"1":{"name":"(anonymous_15)","decl":{"start":{"line":14,"column":36},"end":{"line":14,"column":null}},"loc":{"start":{"line":17,"column":22},"end":{"line":34,"column":4}}},"2":{"name":"(anonymous_17)","decl":{"start":{"line":37,"column":32},"end":{"line":37,"column":null}},"loc":{"start":{"line":40,"column":22},"end":{"line":59,"column":4}}},"3":{"name":"(anonymous_19)","decl":{"start":{"line":63,"column":32},"end":{"line":63,"column":null}},"loc":{"start":{"line":66,"column":22},"end":{"line":112,"column":4}}},"4":{"name":"(anonymous_21)","decl":{"start":{"line":115,"column":33},"end":{"line":115,"column":null}},"loc":{"start":{"line":118,"column":22},"end":{"line":160,"column":4}}},"5":{"name":"(anonymous_23)","decl":{"start":{"line":163,"column":35},"end":{"line":163,"column":null}},"loc":{"start":{"line":166,"column":22},"end":{"line":202,"column":4}}},"6":{"name":"(anonymous_25)","decl":{"start":{"line":205,"column":33},"end":{"line":205,"column":null}},"loc":{"start":{"line":208,"column":22},"end":{"line":263,"column":4}}},"7":{"name":"(anonymous_27)","decl":{"start":{"line":264,"column":36},"end":{"line":264,"column":null}},"loc":{"start":{"line":267,"column":22},"end":{"line":314,"column":4}}},"8":{"name":"(anonymous_29)","decl":{"start":{"line":315,"column":36},"end":{"line":315,"column":null}},"loc":{"start":{"line":318,"column":22},"end":{"line":365,"column":4}}}},"branchMap":{"0":{"loc":{"start":{"line":21,"column":4},"end":{"line":23,"column":null}},"type":"if","locations":[{"start":{"line":21,"column":4},"end":{"line":23,"column":null}}]},"1":{"loc":{"start":{"line":44,"column":4},"end":{"line":46,"column":null}},"type":"if","locations":[{"start":{"line":44,"column":4},"end":{"line":46,"column":null}}]},"2":{"loc":{"start":{"line":48,"column":4},"end":{"line":50,"column":null}},"type":"if","locations":[{"start":{"line":48,"column":4},"end":{"line":50,"column":null}}]},"3":{"loc":{"start":{"line":71,"column":4},"end":{"line":73,"column":null}},"type":"if","locations":[{"start":{"line":71,"column":4},"end":{"line":73,"column":null}}]},"4":{"loc":{"start":{"line":74,"column":4},"end":{"line":81,"column":null}},"type":"if","locations":[{"start":{"line":74,"column":4},"end":{"line":81,"column":null}},{"start":{"line":76,"column":11},"end":{"line":81,"column":null}}]},"5":{"loc":{"start":{"line":78,"column":6},"end":{"line":80,"column":null}},"type":"if","locations":[{"start":{"line":78,"column":6},"end":{"line":80,"column":null}}]},"6":{"loc":{"start":{"line":83,"column":4},"end":{"line":85,"column":null}},"type":"if","locations":[{"start":{"line":83,"column":4},"end":{"line":85,"column":null}}]},"7":{"loc":{"start":{"line":88,"column":4},"end":{"line":90,"column":null}},"type":"if","locations":[{"start":{"line":88,"column":4},"end":{"line":90,"column":null}}]},"8":{"loc":{"start":{"line":88,"column":8},"end":{"line":88,"column":30}},"type":"binary-expr","locations":[{"start":{"line":88,"column":8},"end":{"line":88,"column":15}},{"start":{"line":88,"column":19},"end":{"line":88,"column":30}}]},"9":{"loc":{"start":{"line":92,"column":4},"end":{"line":94,"column":null}},"type":"if","locations":[{"start":{"line":92,"column":4},"end":{"line":94,"column":null}}]},"10":{"loc":{"start":{"line":123,"column":4},"end":{"line":125,"column":null}},"type":"if","locations":[{"start":{"line":123,"column":4},"end":{"line":125,"column":null}}]},"11":{"loc":{"start":{"line":126,"column":4},"end":{"line":128,"column":null}},"type":"if","locations":[{"start":{"line":126,"column":4},"end":{"line":128,"column":null}}]},"12":{"loc":{"start":{"line":129,"column":4},"end":{"line":131,"column":null}},"type":"if","locations":[{"start":{"line":129,"column":4},"end":{"line":131,"column":null}}]},"13":{"loc":{"start":{"line":135,"column":4},"end":{"line":137,"column":null}},"type":"if","locations":[{"start":{"line":135,"column":4},"end":{"line":137,"column":null}}]},"14":{"loc":{"start":{"line":139,"column":4},"end":{"line":141,"column":null}},"type":"if","locations":[{"start":{"line":139,"column":4},"end":{"line":141,"column":null}}]},"15":{"loc":{"start":{"line":143,"column":4},"end":{"line":145,"column":null}},"type":"if","locations":[{"start":{"line":143,"column":4},"end":{"line":145,"column":null}}]},"16":{"loc":{"start":{"line":146,"column":4},"end":{"line":148,"column":null}},"type":"if","locations":[{"start":{"line":146,"column":4},"end":{"line":148,"column":null}}]},"17":{"loc":{"start":{"line":151,"column":4},"end":{"line":153,"column":null}},"type":"if","locations":[{"start":{"line":151,"column":4},"end":{"line":153,"column":null}}]},"18":{"loc":{"start":{"line":170,"column":4},"end":{"line":172,"column":null}},"type":"if","locations":[{"start":{"line":170,"column":4},"end":{"line":172,"column":null}}]},"19":{"loc":{"start":{"line":175,"column":4},"end":{"line":177,"column":null}},"type":"if","locations":[{"start":{"line":175,"column":4},"end":{"line":177,"column":null}}]},"20":{"loc":{"start":{"line":179,"column":4},"end":{"line":181,"column":null}},"type":"if","locations":[{"start":{"line":179,"column":4},"end":{"line":181,"column":null}}]},"21":{"loc":{"start":{"line":183,"column":4},"end":{"line":185,"column":null}},"type":"if","locations":[{"start":{"line":183,"column":4},"end":{"line":185,"column":null}}]},"22":{"loc":{"start":{"line":186,"column":4},"end":{"line":188,"column":null}},"type":"if","locations":[{"start":{"line":186,"column":4},"end":{"line":188,"column":null}}]},"23":{"loc":{"start":{"line":192,"column":4},"end":{"line":194,"column":null}},"type":"if","locations":[{"start":{"line":192,"column":4},"end":{"line":194,"column":null}}]},"24":{"loc":{"start":{"line":192,"column":10},"end":{"line":192,"column":65}},"type":"binary-expr","locations":[{"start":{"line":192,"column":10},"end":{"line":192,"column":34}},{"start":{"line":192,"column":38},"end":{"line":192,"column":65}}]},"25":{"loc":{"start":{"line":196,"column":49},"end":{"line":196,"column":61}},"type":"cond-expr","locations":[{"start":{"line":196,"column":56},"end":{"line":196,"column":58}},{"start":{"line":196,"column":49},"end":{"line":196,"column":61}}]},"26":{"loc":{"start":{"line":196,"column":49},"end":{"line":196,"column":58}},"type":"binary-expr","locations":[{"start":{"line":196,"column":49},"end":{"line":196,"column":58}},{"start":{"line":196,"column":49},"end":{"line":196,"column":58}}]},"27":{"loc":{"start":{"line":214,"column":4},"end":{"line":216,"column":null}},"type":"if","locations":[{"start":{"line":214,"column":4},"end":{"line":216,"column":null}}]},"28":{"loc":{"start":{"line":214,"column":8},"end":{"line":214,"column":19}},"type":"binary-expr","locations":[{"start":{"line":214,"column":8},"end":{"line":214,"column":11}},{"start":{"line":214,"column":15},"end":{"line":214,"column":19}}]},"29":{"loc":{"start":{"line":218,"column":4},"end":{"line":220,"column":null}},"type":"if","locations":[{"start":{"line":218,"column":4},"end":{"line":220,"column":null}}]},"30":{"loc":{"start":{"line":222,"column":4},"end":{"line":224,"column":null}},"type":"if","locations":[{"start":{"line":222,"column":4},"end":{"line":224,"column":null}}]},"31":{"loc":{"start":{"line":225,"column":4},"end":{"line":227,"column":null}},"type":"if","locations":[{"start":{"line":225,"column":4},"end":{"line":227,"column":null}}]},"32":{"loc":{"start":{"line":232,"column":4},"end":{"line":234,"column":null}},"type":"if","locations":[{"start":{"line":232,"column":4},"end":{"line":234,"column":null}}]},"33":{"loc":{"start":{"line":235,"column":4},"end":{"line":242,"column":null}},"type":"if","locations":[{"start":{"line":235,"column":4},"end":{"line":242,"column":null}},{"start":{"line":240,"column":11},"end":{"line":242,"column":null}}]},"34":{"loc":{"start":{"line":237,"column":6},"end":{"line":239,"column":null}},"type":"if","locations":[{"start":{"line":237,"column":6},"end":{"line":239,"column":null}}]},"35":{"loc":{"start":{"line":272,"column":4},"end":{"line":274,"column":null}},"type":"if","locations":[{"start":{"line":272,"column":4},"end":{"line":274,"column":null}}]},"36":{"loc":{"start":{"line":275,"column":4},"end":{"line":277,"column":null}},"type":"if","locations":[{"start":{"line":275,"column":4},"end":{"line":277,"column":null}}]},"37":{"loc":{"start":{"line":279,"column":4},"end":{"line":281,"column":null}},"type":"if","locations":[{"start":{"line":279,"column":4},"end":{"line":281,"column":null}}]},"38":{"loc":{"start":{"line":283,"column":4},"end":{"line":285,"column":null}},"type":"if","locations":[{"start":{"line":283,"column":4},"end":{"line":285,"column":null}}]},"39":{"loc":{"start":{"line":286,"column":4},"end":{"line":288,"column":null}},"type":"if","locations":[{"start":{"line":286,"column":4},"end":{"line":288,"column":null}}]},"40":{"loc":{"start":{"line":290,"column":4},"end":{"line":292,"column":null}},"type":"if","locations":[{"start":{"line":290,"column":4},"end":{"line":292,"column":null}}]},"41":{"loc":{"start":{"line":297,"column":4},"end":{"line":299,"column":null}},"type":"if","locations":[{"start":{"line":297,"column":4},"end":{"line":299,"column":null}}]},"42":{"loc":{"start":{"line":323,"column":4},"end":{"line":325,"column":null}},"type":"if","locations":[{"start":{"line":323,"column":4},"end":{"line":325,"column":null}}]},"43":{"loc":{"start":{"line":326,"column":4},"end":{"line":328,"column":null}},"type":"if","locations":[{"start":{"line":326,"column":4},"end":{"line":328,"column":null}}]},"44":{"loc":{"start":{"line":330,"column":4},"end":{"line":332,"column":null}},"type":"if","locations":[{"start":{"line":330,"column":4},"end":{"line":332,"column":null}}]},"45":{"loc":{"start":{"line":334,"column":4},"end":{"line":336,"column":null}},"type":"if","locations":[{"start":{"line":334,"column":4},"end":{"line":336,"column":null}}]},"46":{"loc":{"start":{"line":337,"column":4},"end":{"line":339,"column":null}},"type":"if","locations":[{"start":{"line":337,"column":4},"end":{"line":339,"column":null}}]},"47":{"loc":{"start":{"line":344,"column":4},"end":{"line":346,"column":null}},"type":"if","locations":[{"start":{"line":344,"column":4},"end":{"line":346,"column":null}}]}},"s":{"0":1,"1":1,"2":1,"3":1,"4":1,"5":1,"6":0,"7":0,"8":0,"9":0,"10":0,"11":0,"12":0,"13":1,"14":0,"15":0,"16":0,"17":0,"18":0,"19":0,"20":0,"21":0,"22":0,"23":0,"24":1,"25":0,"26":0,"27":0,"28":0,"29":0,"30":0,"31":0,"32":0,"33":0,"34":0,"35":0,"36":0,"37":0,"38":0,"39":0,"40":0,"41":0,"42":0,"43":0,"44":0,"45":0,"46":0,"47":0,"48":1,"49":0,"50":0,"51":0,"52":0,"53":0,"54":0,"55":0,"56":0,"57":0,"58":0,"59":0,"60":0,"61":0,"62":0,"63":0,"64":0,"65":0,"66":0,"67":0,"68":0,"69":0,"70":0,"71":0,"72":0,"73":0,"74":0,"75":1,"76":0,"77":0,"78":0,"79":0,"80":0,"81":0,"82":0,"83":0,"84":0,"85":0,"86":0,"87":0,"88":0,"89":0,"90":0,"91":0,"92":0,"93":0,"94":0,"95":0,"96":0,"97":0,"98":1,"99":0,"100":0,"101":0,"102":0,"103":0,"104":0,"105":0,"106":0,"107":0,"108":0,"109":0,"110":0,"111":0,"112":0,"113":0,"114":0,"115":0,"116":0,"117":0,"118":0,"119":0,"120":0,"121":0,"122":0,"123":1,"124":0,"125":0,"126":0,"127":0,"128":0,"129":0,"130":0,"131":0,"132":0,"133":0,"134":0,"135":0,"136":0,"137":0,"138":0,"139":0,"140":0,"141":0,"142":0,"143":0,"144":0,"145":0,"146":0,"147":1,"148":0,"149":0,"150":0,"151":0,"152":0,"153":0,"154":0,"155":0,"156":0,"157":0,"158":0,"159":0,"160":0,"161":0,"162":0,"163":0,"164":0,"165":0,"166":0,"167":0,"168":1},"f":{"0":1,"1":0,"2":0,"3":0,"4":0,"5":0,"6":0,"7":0,"8":0},"b":{"0":[0],"1":[0],"2":[0],"3":[0],"4":[0,0],"5":[0],"6":[0],"7":[0],"8":[0,0],"9":[0],"10":[0],"11":[0],"12":[0],"13":[0],"14":[0],"15":[0],"16":[0],"17":[0],"18":[0],"19":[0],"20":[0],"21":[0],"22":[0],"23":[0],"24":[0,0],"25":[0,0],"26":[0,0],"27":[0],"28":[0,0],"29":[0],"30":[0],"31":[0],"32":[0],"33":[0,0],"34":[0],"35":[0],"36":[0],"37":[0],"38":[0],"39":[0],"40":[0],"41":[0],"42":[0],"43":[0],"44":[0],"45":[0],"46":[0],"47":[0]}}
,"D:\\social_media\\server\\src\\controller\\post.controller.ts": {"path":"D:\\social_media\\server\\src\\controller\\post.controller.ts","statementMap":{"0":{"start":{"line":1,"column":0},"end":{"line":1,"column":46}},"1":{"start":{"line":3,"column":0},"end":{"line":3,"column":61}},"2":{"start":{"line":5,"column":0},"end":{"line":5,"column":63}},"3":{"start":{"line":6,"column":0},"end":{"line":6,"column":55}},"4":{"start":{"line":9,"column":0},"end":{"line":9,"column":47}},"5":{"start":{"line":10,"column":0},"end":{"line":10,"column":47}},"6":{"start":{"line":11,"column":0},"end":{"line":11,"column":54}},"7":{"start":{"line":12,"column":0},"end":{"line":12,"column":67}},"8":{"start":{"line":18,"column":2},"end":{"line":57,"column":5}},"9":{"start":{"line":23,"column":18},"end":{"line":23,"column":59}},"10":{"start":{"line":24,"column":27},"end":{"line":24,"column":29}},"11":{"start":{"line":25,"column":4},"end":{"line":34,"column":null}},"12":{"start":{"line":26,"column":6},"end":{"line":33,"column":9}},"13":{"start":{"line":27,"column":8},"end":{"line":32,"column":11}},"14":{"start":{"line":35,"column":41},"end":{"line":35,"column":49}},"15":{"start":{"line":36,"column":19},"end":{"line":36,"column":34}},"16":{"start":{"line":37,"column":23},"end":{"line":37,"column":40}},"17":{"start":{"line":38,"column":26},"end":{"line":38,"column":28}},"18":{"start":{"line":39,"column":4},"end":{"line":41,"column":null}},"19":{"start":{"line":40,"column":6},"end":{"line":40,"column":68}},"20":{"start":{"line":42,"column":17},"end":{"line":50,"column":6}},"21":{"start":{"line":51,"column":4},"end":{"line":53,"column":null}},"22":{"start":{"line":52,"column":6},"end":{"line":52,"column":61}},"23":{"start":{"line":54,"column":4},"end":{"line":56,"column":70}},"24":{"start":{"line":59,"column":2},"end":{"line":104,"column":5}},"25":{"start":{"line":64,"column":18},"end":{"line":64,"column":59}},"26":{"start":{"line":65,"column":27},"end":{"line":65,"column":29}},"27":{"start":{"line":66,"column":4},"end":{"line":75,"column":null}},"28":{"start":{"line":67,"column":6},"end":{"line":74,"column":9}},"29":{"start":{"line":68,"column":8},"end":{"line":73,"column":11}},"30":{"start":{"line":76,"column":41},"end":{"line":76,"column":56}},"31":{"start":{"line":77,"column":19},"end":{"line":77,"column":34}},"32":{"start":{"line":78,"column":19},"end":{"line":78,"column":29}},"33":{"start":{"line":79,"column":4},"end":{"line":81,"column":null}},"34":{"start":{"line":80,"column":6},"end":{"line":80,"column":60}},"35":{"start":{"line":82,"column":15},"end":{"line":82,"column":46}},"36":{"start":{"line":83,"column":4},"end":{"line":85,"column":null}},"37":{"start":{"line":84,"column":6},"end":{"line":84,"column":59}},"38":{"start":{"line":87,"column":4},"end":{"line":89,"column":null}},"39":{"start":{"line":88,"column":6},"end":{"line":88,"column":54}},"40":{"start":{"line":90,"column":24},"end":{"line":95,"column":6}},"41":{"start":{"line":96,"column":4},"end":{"line":98,"column":null}},"42":{"start":{"line":97,"column":6},"end":{"line":97,"column":64}},"43":{"start":{"line":99,"column":4},"end":{"line":103,"column":7}},"44":{"start":{"line":106,"column":2},"end":{"line":120,"column":5}},"45":{"start":{"line":111,"column":19},"end":{"line":111,"column":29}},"46":{"start":{"line":112,"column":4},"end":{"line":114,"column":null}},"47":{"start":{"line":113,"column":6},"end":{"line":113,"column":60}},"48":{"start":{"line":115,"column":17},"end":{"line":115,"column":48}},"49":{"start":{"line":116,"column":4},"end":{"line":118,"column":null}},"50":{"start":{"line":117,"column":6},"end":{"line":117,"column":59}},"51":{"start":{"line":119,"column":4},"end":{"line":119,"column":50}},"52":{"start":{"line":121,"column":2},"end":{"line":134,"column":5}},"53":{"start":{"line":126,"column":21},"end":{"line":130,"column":28}},"54":{"start":{"line":132,"column":17},"end":{"line":132,"column":55}},"55":{"start":{"line":133,"column":4},"end":{"line":133,"column":59}},"56":{"start":{"line":135,"column":2},"end":{"line":156,"column":5}},"57":{"start":{"line":140,"column":19},"end":{"line":140,"column":29}},"58":{"start":{"line":141,"column":4},"end":{"line":143,"column":null}},"59":{"start":{"line":142,"column":6},"end":{"line":142,"column":60}},"60":{"start":{"line":144,"column":15},"end":{"line":144,"column":46}},"61":{"start":{"line":145,"column":4},"end":{"line":147,"column":null}},"62":{"start":{"line":146,"column":6},"end":{"line":146,"column":59}},"63":{"start":{"line":148,"column":21},"end":{"line":153,"column":28}},"64":{"start":{"line":154,"column":17},"end":{"line":154,"column":55}},"65":{"start":{"line":155,"column":4},"end":{"line":155,"column":59}},"66":{"start":{"line":158,"column":2},"end":{"line":176,"column":5}},"67":{"start":{"line":163,"column":19},"end":{"line":163,"column":29}},"68":{"start":{"line":164,"column":4},"end":{"line":166,"column":null}},"69":{"start":{"line":165,"column":6},"end":{"line":165,"column":60}},"70":{"start":{"line":167,"column":15},"end":{"line":167,"column":46}},"71":{"start":{"line":168,"column":4},"end":{"line":170,"column":null}},"72":{"start":{"line":169,"column":6},"end":{"line":169,"column":59}},"73":{"start":{"line":171,"column":4},"end":{"line":171,"column":41}},"74":{"start":{"line":172,"column":4},"end":{"line":172,"column":60}},"75":{"start":{"line":173,"column":4},"end":{"line":175,"column":77}},"76":{"start":{"line":177,"column":2},"end":{"line":220,"column":5}},"77":{"start":{"line":182,"column":19},"end":{"line":182,"column":29}},"78":{"start":{"line":183,"column":4},"end":{"line":185,"column":null}},"79":{"start":{"line":184,"column":6},"end":{"line":184,"column":60}},"80":{"start":{"line":186,"column":18},"end":{"line":186,"column":42}},"81":{"start":{"line":187,"column":4},"end":{"line":219,"column":9}},"82":{"start":{"line":190,"column":8},"end":{"line":192,"column":null}},"83":{"start":{"line":191,"column":10},"end":{"line":191,"column":62}},"84":{"start":{"line":193,"column":8},"end":{"line":195,"column":null}},"85":{"start":{"line":194,"column":10},"end":{"line":194,"column":63}},"86":{"start":{"line":196,"column":25},"end":{"line":196,"column":36}},"87":{"start":{"line":197,"column":22},"end":{"line":197,"column":54}},"88":{"start":{"line":198,"column":20},"end":{"line":198,"column":32}},"89":{"start":{"line":199,"column":30},"end":{"line":199,"column":45}},"90":{"start":{"line":200,"column":28},"end":{"line":200,"column":44}},"91":{"start":{"line":201,"column":24},"end":{"line":206,"column":10}},"92":{"start":{"line":208,"column":8},"end":{"line":208,"column":32}},"93":{"start":{"line":209,"column":23},"end":{"line":211,"column":10}},"94":{"start":{"line":212,"column":31},"end":{"line":214,"column":10}},"95":{"start":{"line":215,"column":8},"end":{"line":215,"column":33}},"96":{"start":{"line":216,"column":8},"end":{"line":218,"column":11}},"97":{"start":{"line":217,"column":10},"end":{"line":217,"column":62}},"98":{"start":{"line":222,"column":2},"end":{"line":273,"column":5}},"99":{"start":{"line":227,"column":19},"end":{"line":227,"column":29}},"100":{"start":{"line":228,"column":27},"end":{"line":228,"column":35}},"101":{"start":{"line":229,"column":19},"end":{"line":229,"column":34}},"102":{"start":{"line":230,"column":23},"end":{"line":230,"column":40}},"103":{"start":{"line":231,"column":4},"end":{"line":233,"column":null}},"104":{"start":{"line":232,"column":6},"end":{"line":232,"column":60}},"105":{"start":{"line":234,"column":15},"end":{"line":234,"column":46}},"106":{"start":{"line":235,"column":4},"end":{"line":237,"column":null}},"107":{"start":{"line":236,"column":6},"end":{"line":236,"column":59}},"108":{"start":{"line":238,"column":4},"end":{"line":241,"column":7}},"109":{"start":{"line":242,"column":4},"end":{"line":244,"column":null}},"110":{"start":{"line":243,"column":6},"end":{"line":243,"column":60}},"111":{"start":{"line":245,"column":4},"end":{"line":252,"column":null}},"112":{"start":{"line":246,"column":24},"end":{"line":246,"column":69}},"113":{"start":{"line":247,"column":6},"end":{"line":249,"column":null}},"114":{"start":{"line":248,"column":8},"end":{"line":248,"column":68}},"115":{"start":{"line":251,"column":6},"end":{"line":251,"column":36}},"116":{"start":{"line":253,"column":4},"end":{"line":267,"column":6}},"117":{"start":{"line":268,"column":4},"end":{"line":272,"column":7}},"118":{"start":{"line":274,"column":2},"end":{"line":315,"column":5}},"119":{"start":{"line":279,"column":19},"end":{"line":279,"column":29}},"120":{"start":{"line":280,"column":27},"end":{"line":280,"column":35}},"121":{"start":{"line":281,"column":19},"end":{"line":281,"column":34}},"122":{"start":{"line":282,"column":4},"end":{"line":284,"column":null}},"123":{"start":{"line":283,"column":6},"end":{"line":283,"column":60}},"124":{"start":{"line":285,"column":15},"end":{"line":285,"column":46}},"125":{"start":{"line":286,"column":4},"end":{"line":288,"column":null}},"126":{"start":{"line":287,"column":6},"end":{"line":287,"column":59}},"127":{"start":{"line":290,"column":22},"end":{"line":290,"column":67}},"128":{"start":{"line":291,"column":4},"end":{"line":293,"column":null}},"129":{"start":{"line":292,"column":6},"end":{"line":292,"column":66}},"130":{"start":{"line":294,"column":4},"end":{"line":297,"column":7}},"131":{"start":{"line":298,"column":4},"end":{"line":300,"column":null}},"132":{"start":{"line":299,"column":6},"end":{"line":299,"column":63}},"133":{"start":{"line":301,"column":4},"end":{"line":309,"column":6}},"134":{"start":{"line":310,"column":4},"end":{"line":314,"column":7}},"135":{"start":{"line":316,"column":2},"end":{"line":355,"column":5}},"136":{"start":{"line":321,"column":19},"end":{"line":321,"column":29}},"137":{"start":{"line":322,"column":19},"end":{"line":322,"column":34}},"138":{"start":{"line":323,"column":4},"end":{"line":325,"column":null}},"139":{"start":{"line":324,"column":6},"end":{"line":324,"column":60}},"140":{"start":{"line":326,"column":15},"end":{"line":326,"column":46}},"141":{"start":{"line":327,"column":4},"end":{"line":329,"column":null}},"142":{"start":{"line":328,"column":6},"end":{"line":328,"column":59}},"143":{"start":{"line":330,"column":4},"end":{"line":333,"column":7}},"144":{"start":{"line":334,"column":4},"end":{"line":336,"column":null}},"145":{"start":{"line":335,"column":6},"end":{"line":335,"column":63}},"146":{"start":{"line":337,"column":4},"end":{"line":349,"column":6}},"147":{"start":{"line":350,"column":4},"end":{"line":354,"column":7}},"148":{"start":{"line":17,"column":0},"end":{"line":17,"column":21}}},"fnMap":{"0":{"name":"(anonymous_8)","decl":{"start":{"line":17,"column":0},"end":{"line":17,"column":21}},"loc":{"start":{"line":17,"column":0},"end":{"line":356,"column":1}}},"1":{"name":"(anonymous_9)","decl":{"start":{"line":18,"column":32},"end":{"line":18,"column":null}},"loc":{"start":{"line":21,"column":22},"end":{"line":57,"column":4}}},"2":{"name":"(anonymous_11)","decl":{"start":{"line":26,"column":20},"end":{"line":26,"column":21}},"loc":{"start":{"line":26,"column":29},"end":{"line":33,"column":7}}},"3":{"name":"(anonymous_12)","decl":{"start":{"line":59,"column":32},"end":{"line":59,"column":null}},"loc":{"start":{"line":62,"column":22},"end":{"line":104,"column":4}}},"4":{"name":"(anonymous_14)","decl":{"start":{"line":67,"column":20},"end":{"line":67,"column":21}},"loc":{"start":{"line":67,"column":29},"end":{"line":74,"column":7}}},"5":{"name":"(anonymous_15)","decl":{"start":{"line":106,"column":29},"end":{"line":106,"column":null}},"loc":{"start":{"line":109,"column":22},"end":{"line":120,"column":4}}},"6":{"name":"(anonymous_17)","decl":{"start":{"line":121,"column":33},"end":{"line":121,"column":null}},"loc":{"start":{"line":124,"column":22},"end":{"line":134,"column":4}}},"7":{"name":"(anonymous_19)","decl":{"start":{"line":135,"column":42},"end":{"line":135,"column":null}},"loc":{"start":{"line":138,"column":22},"end":{"line":156,"column":4}}},"8":{"name":"(anonymous_21)","decl":{"start":{"line":158,"column":32},"end":{"line":158,"column":null}},"loc":{"start":{"line":161,"column":22},"end":{"line":176,"column":4}}},"9":{"name":"(anonymous_23)","decl":{"start":{"line":177,"column":32},"end":{"line":177,"column":null}},"loc":{"start":{"line":180,"column":22},"end":{"line":220,"column":4}}},"10":{"name":"(anonymous_25)","decl":{"start":{"line":189,"column":57},"end":{"line":189,"column":58}},"loc":{"start":{"line":189,"column":71},"end":{"line":219,"column":7}}},"11":{"name":"(anonymous_26)","decl":{"start":{"line":216,"column":35},"end":{"line":216,"column":36}},"loc":{"start":{"line":216,"column":43},"end":{"line":218,"column":9}}},"12":{"name":"(anonymous_27)","decl":{"start":{"line":222,"column":33},"end":{"line":222,"column":null}},"loc":{"start":{"line":225,"column":22},"end":{"line":273,"column":4}}},"13":{"name":"(anonymous_29)","decl":{"start":{"line":274,"column":36},"end":{"line":274,"column":null}},"loc":{"start":{"line":277,"column":22},"end":{"line":315,"column":4}}},"14":{"name":"(anonymous_31)","decl":{"start":{"line":316,"column":36},"end":{"line":316,"column":null}},"loc":{"start":{"line":319,"column":22},"end":{"line":355,"column":4}}}},"branchMap":{"0":{"loc":{"start":{"line":25,"column":4},"end":{"line":34,"column":null}},"type":"if","locations":[{"start":{"line":25,"column":4},"end":{"line":34,"column":null}}]},"1":{"loc":{"start":{"line":39,"column":4},"end":{"line":41,"column":null}},"type":"if","locations":[{"start":{"line":39,"column":4},"end":{"line":41,"column":null}}]},"2":{"loc":{"start":{"line":39,"column":8},"end":{"line":39,"column":30}},"type":"binary-expr","locations":[{"start":{"line":39,"column":8},"end":{"line":39,"column":15}},{"start":{"line":39,"column":19},"end":{"line":39,"column":30}}]},"3":{"loc":{"start":{"line":51,"column":4},"end":{"line":53,"column":null}},"type":"if","locations":[{"start":{"line":51,"column":4},"end":{"line":53,"column":null}}]},"4":{"loc":{"start":{"line":66,"column":4},"end":{"line":75,"column":null}},"type":"if","locations":[{"start":{"line":66,"column":4},"end":{"line":75,"column":null}}]},"5":{"loc":{"start":{"line":79,"column":4},"end":{"line":81,"column":null}},"type":"if","locations":[{"start":{"line":79,"column":4},"end":{"line":81,"column":null}}]},"6":{"loc":{"start":{"line":83,"column":4},"end":{"line":85,"column":null}},"type":"if","locations":[{"start":{"line":83,"column":4},"end":{"line":85,"column":null}}]},"7":{"loc":{"start":{"line":87,"column":4},"end":{"line":89,"column":null}},"type":"if","locations":[{"start":{"line":87,"column":4},"end":{"line":89,"column":null}}]},"8":{"loc":{"start":{"line":96,"column":4},"end":{"line":98,"column":null}},"type":"if","locations":[{"start":{"line":96,"column":4},"end":{"line":98,"column":null}}]},"9":{"loc":{"start":{"line":112,"column":4},"end":{"line":114,"column":null}},"type":"if","locations":[{"start":{"line":112,"column":4},"end":{"line":114,"column":null}}]},"10":{"loc":{"start":{"line":116,"column":4},"end":{"line":118,"column":null}},"type":"if","locations":[{"start":{"line":116,"column":4},"end":{"line":118,"column":null}}]},"11":{"loc":{"start":{"line":141,"column":4},"end":{"line":143,"column":null}},"type":"if","locations":[{"start":{"line":141,"column":4},"end":{"line":143,"column":null}}]},"12":{"loc":{"start":{"line":145,"column":4},"end":{"line":147,"column":null}},"type":"if","locations":[{"start":{"line":145,"column":4},"end":{"line":147,"column":null}}]},"13":{"loc":{"start":{"line":164,"column":4},"end":{"line":166,"column":null}},"type":"if","locations":[{"start":{"line":164,"column":4},"end":{"line":166,"column":null}}]},"14":{"loc":{"start":{"line":168,"column":4},"end":{"line":170,"column":null}},"type":"if","locations":[{"start":{"line":168,"column":4},"end":{"line":170,"column":null}}]},"15":{"loc":{"start":{"line":172,"column":47},"end":{"line":172,"column":56}},"type":"cond-expr","locations":[{"start":{"line":172,"column":51},"end":{"line":172,"column":53}},{"start":{"line":172,"column":47},"end":{"line":172,"column":56}}]},"16":{"loc":{"start":{"line":172,"column":47},"end":{"line":172,"column":53}},"type":"binary-expr","locations":[{"start":{"line":172,"column":47},"end":{"line":172,"column":53}},{"start":{"line":172,"column":47},"end":{"line":172,"column":53}}]},"17":{"loc":{"start":{"line":183,"column":4},"end":{"line":185,"column":null}},"type":"if","locations":[{"start":{"line":183,"column":4},"end":{"line":185,"column":null}}]},"18":{"loc":{"start":{"line":186,"column":18},"end":{"line":186,"column":42}},"type":"binary-expr","locations":[{"start":{"line":186,"column":18},"end":{"line":186,"column":35}},{"start":{"line":186,"column":39},"end":{"line":186,"column":42}}]},"19":{"loc":{"start":{"line":190,"column":8},"end":{"line":192,"column":null}},"type":"if","locations":[{"start":{"line":190,"column":8},"end":{"line":192,"column":null}}]},"20":{"loc":{"start":{"line":193,"column":8},"end":{"line":195,"column":null}},"type":"if","locations":[{"start":{"line":193,"column":8},"end":{"line":195,"column":null}}]},"21":{"loc":{"start":{"line":231,"column":4},"end":{"line":233,"column":null}},"type":"if","locations":[{"start":{"line":231,"column":4},"end":{"line":233,"column":null}}]},"22":{"loc":{"start":{"line":235,"column":4},"end":{"line":237,"column":null}},"type":"if","locations":[{"start":{"line":235,"column":4},"end":{"line":237,"column":null}}]},"23":{"loc":{"start":{"line":242,"column":4},"end":{"line":244,"column":null}},"type":"if","locations":[{"start":{"line":242,"column":4},"end":{"line":244,"column":null}}]},"24":{"loc":{"start":{"line":245,"column":4},"end":{"line":252,"column":null}},"type":"if","locations":[{"start":{"line":245,"column":4},"end":{"line":252,"column":null}},{"start":{"line":250,"column":11},"end":{"line":252,"column":null}}]},"25":{"loc":{"start":{"line":247,"column":6},"end":{"line":249,"column":null}},"type":"if","locations":[{"start":{"line":247,"column":6},"end":{"line":249,"column":null}}]},"26":{"loc":{"start":{"line":282,"column":4},"end":{"line":284,"column":null}},"type":"if","locations":[{"start":{"line":282,"column":4},"end":{"line":284,"column":null}}]},"27":{"loc":{"start":{"line":286,"column":4},"end":{"line":288,"column":null}},"type":"if","locations":[{"start":{"line":286,"column":4},"end":{"line":288,"column":null}}]},"28":{"loc":{"start":{"line":291,"column":4},"end":{"line":293,"column":null}},"type":"if","locations":[{"start":{"line":291,"column":4},"end":{"line":293,"column":null}}]},"29":{"loc":{"start":{"line":298,"column":4},"end":{"line":300,"column":null}},"type":"if","locations":[{"start":{"line":298,"column":4},"end":{"line":300,"column":null}}]},"30":{"loc":{"start":{"line":323,"column":4},"end":{"line":325,"column":null}},"type":"if","locations":[{"start":{"line":323,"column":4},"end":{"line":325,"column":null}}]},"31":{"loc":{"start":{"line":327,"column":4},"end":{"line":329,"column":null}},"type":"if","locations":[{"start":{"line":327,"column":4},"end":{"line":329,"column":null}}]},"32":{"loc":{"start":{"line":334,"column":4},"end":{"line":336,"column":null}},"type":"if","locations":[{"start":{"line":334,"column":4},"end":{"line":336,"column":null}}]}},"s":{"0":1,"1":1,"2":1,"3":1,"4":1,"5":1,"6":1,"7":1,"8":1,"9":0,"10":0,"11":0,"12":0,"13":0,"14":0,"15":0,"16":0,"17":0,"18":0,"19":0,"20":0,"21":0,"22":0,"23":0,"24":1,"25":0,"26":0,"27":0,"28":0,"29":0,"30":0,"31":0,"32":0,"33":0,"34":0,"35":0,"36":0,"37":0,"38":0,"39":0,"40":0,"41":0,"42":0,"43":0,"44":1,"45":0,"46":0,"47":0,"48":0,"49":0,"50":0,"51":0,"52":1,"53":0,"54":0,"55":0,"56":1,"57":0,"58":0,"59":0,"60":0,"61":0,"62":0,"63":0,"64":0,"65":0,"66":1,"67":0,"68":0,"69":0,"70":0,"71":0,"72":0,"73":0,"74":0,"75":0,"76":1,"77":0,"78":0,"79":0,"80":0,"81":0,"82":0,"83":0,"84":0,"85":0,"86":0,"87":0,"88":0,"89":0,"90":0,"91":0,"92":0,"93":0,"94":0,"95":0,"96":0,"97":0,"98":1,"99":0,"100":0,"101":0,"102":0,"103":0,"104":0,"105":0,"106":0,"107":0,"108":0,"109":0,"110":0,"111":0,"112":0,"113":0,"114":0,"115":0,"116":0,"117":0,"118":1,"119":0,"120":0,"121":0,"122":0,"123":0,"124":0,"125":0,"126":0,"127":0,"128":0,"129":0,"130":0,"131":0,"132":0,"133":0,"134":0,"135":1,"136":0,"137":0,"138":0,"139":0,"140":0,"141":0,"142":0,"143":0,"144":0,"145":0,"146":0,"147":0,"148":1},"f":{"0":1,"1":0,"2":0,"3":0,"4":0,"5":0,"6":0,"7":0,"8":0,"9":0,"10":0,"11":0,"12":0,"13":0,"14":0},"b":{"0":[0],"1":[0],"2":[0,0],"3":[0],"4":[0],"5":[0],"6":[0],"7":[0],"8":[0],"9":[0],"10":[0],"11":[0],"12":[0],"13":[0],"14":[0],"15":[0,0],"16":[0,0],"17":[0],"18":[0,0],"19":[0],"20":[0],"21":[0],"22":[0],"23":[0],"24":[0,0],"25":[0],"26":[0],"27":[0],"28":[0],"29":[0],"30":[0],"31":[0],"32":[0]}}
,"D:\\social_media\\server\\src\\controller\\user.controller.ts": {"path":"D:\\social_media\\server\\src\\controller\\user.controller.ts","statementMap":{"0":{"start":{"line":4,"column":0},"end":{"line":4,"column":63}},"1":{"start":{"line":5,"column":0},"end":{"line":5,"column":55}},"2":{"start":{"line":7,"column":0},"end":{"line":7,"column":40}},"3":{"start":{"line":8,"column":0},"end":{"line":8,"column":28}},"4":{"start":{"line":9,"column":0},"end":{"line":9,"column":26}},"5":{"start":{"line":10,"column":0},"end":{"line":10,"column":38}},"6":{"start":{"line":12,"column":0},"end":{"line":12,"column":47}},"7":{"start":{"line":13,"column":0},"end":{"line":13,"column":67}},"8":{"start":{"line":14,"column":0},"end":{"line":14,"column":62}},"9":{"start":{"line":15,"column":0},"end":{"line":15,"column":54}},"10":{"start":{"line":18,"column":2},"end":{"line":44,"column":5}},"11":{"start":{"line":23,"column":40},"end":{"line":23,"column":48}},"12":{"start":{"line":24,"column":17},"end":{"line":24,"column":54}},"13":{"start":{"line":25,"column":4},"end":{"line":27,"column":null}},"14":{"start":{"line":26,"column":6},"end":{"line":26,"column":56}},"15":{"start":{"line":28,"column":31},"end":{"line":32,"column":6}},"16":{"start":{"line":33,"column":18},"end":{"line":33,"column":36}},"17":{"start":{"line":34,"column":4},"end":{"line":37,"column":7}},"18":{"start":{"line":38,"column":4},"end":{"line":40,"column":null}},"19":{"start":{"line":39,"column":6},"end":{"line":39,"column":37}},"20":{"start":{"line":41,"column":4},"end":{"line":43,"column":79}},"21":{"start":{"line":46,"column":2},"end":{"line":73,"column":5}},"22":{"start":{"line":51,"column":30},"end":{"line":51,"column":38}},"23":{"start":{"line":52,"column":17},"end":{"line":52,"column":54}},"24":{"start":{"line":53,"column":4},"end":{"line":55,"column":null}},"25":{"start":{"line":54,"column":6},"end":{"line":54,"column":64}},"26":{"start":{"line":56,"column":28},"end":{"line":56,"column":64}},"27":{"start":{"line":57,"column":4},"end":{"line":59,"column":null}},"28":{"start":{"line":58,"column":6},"end":{"line":58,"column":64}},"29":{"start":{"line":60,"column":18},"end":{"line":60,"column":33}},"30":{"start":{"line":61,"column":4},"end":{"line":64,"column":7}},"31":{"start":{"line":65,"column":4},"end":{"line":67,"column":null}},"32":{"start":{"line":66,"column":6},"end":{"line":66,"column":34}},"33":{"start":{"line":68,"column":4},"end":{"line":72,"column":7}},"34":{"start":{"line":76,"column":2},"end":{"line":92,"column":5}},"35":{"start":{"line":81,"column":22},"end":{"line":81,"column":33}},"36":{"start":{"line":82,"column":4},"end":{"line":84,"column":null}},"37":{"start":{"line":83,"column":6},"end":{"line":83,"column":57}},"38":{"start":{"line":85,"column":4},"end":{"line":88,"column":7}},"39":{"start":{"line":89,"column":4},"end":{"line":91,"column":68}},"40":{"start":{"line":94,"column":2},"end":{"line":121,"column":5}},"41":{"start":{"line":99,"column":19},"end":{"line":99,"column":34}},"42":{"start":{"line":100,"column":17},"end":{"line":100,"column":50}},"43":{"start":{"line":101,"column":4},"end":{"line":103,"column":null}},"44":{"start":{"line":102,"column":6},"end":{"line":102,"column":59}},"45":{"start":{"line":104,"column":18},"end":{"line":104,"column":63}},"46":{"start":{"line":106,"column":4},"end":{"line":110,"column":null}},"47":{"start":{"line":107,"column":6},"end":{"line":109,"column":9}},"48":{"start":{"line":107,"column":46},"end":{"line":109,"column":8}},"49":{"start":{"line":108,"column":8},"end":{"line":108,"column":63}},"50":{"start":{"line":112,"column":4},"end":{"line":112,"column":56}},"51":{"start":{"line":114,"column":4},"end":{"line":114,"column":59}},"52":{"start":{"line":115,"column":4},"end":{"line":115,"column":27}},"53":{"start":{"line":116,"column":4},"end":{"line":120,"column":7}},"54":{"start":{"line":123,"column":2},"end":{"line":164,"column":5}},"55":{"start":{"line":128,"column":22},"end":{"line":128,"column":30}},"56":{"start":{"line":129,"column":4},"end":{"line":131,"column":null}},"57":{"start":{"line":130,"column":6},"end":{"line":130,"column":56}},"58":{"start":{"line":132,"column":17},"end":{"line":132,"column":54}},"59":{"start":{"line":133,"column":4},"end":{"line":135,"column":null}},"60":{"start":{"line":134,"column":6},"end":{"line":134,"column":59}},"61":{"start":{"line":136,"column":4},"end":{"line":163,"column":null}},"62":{"start":{"line":137,"column":25},"end":{"line":137,"column":68}},"63":{"start":{"line":138,"column":6},"end":{"line":138,"column":48}},"64":{"start":{"line":139,"column":23},"end":{"line":141,"column":42}},"65":{"start":{"line":142,"column":22},"end":{"line":142,"column":38}},"66":{"start":{"line":143,"column":22},"end":{"line":145,"column":81}},"67":{"start":{"line":146,"column":21},"end":{"line":146,"column":65}},"68":{"start":{"line":147,"column":6},"end":{"line":153,"column":null}},"69":{"start":{"line":148,"column":8},"end":{"line":152,"column":11}},"70":{"start":{"line":154,"column":6},"end":{"line":154,"column":63}},"71":{"start":{"line":156,"column":6},"end":{"line":156,"column":34}},"72":{"start":{"line":157,"column":6},"end":{"line":157,"column":40}},"73":{"start":{"line":158,"column":6},"end":{"line":158,"column":24}},"74":{"start":{"line":159,"column":6},"end":{"line":161,"column":null}},"75":{"start":{"line":160,"column":8},"end":{"line":160,"column":62}},"76":{"start":{"line":162,"column":6},"end":{"line":162,"column":51}},"77":{"start":{"line":166,"column":2},"end":{"line":195,"column":5}},"78":{"start":{"line":171,"column":22},"end":{"line":171,"column":32}},"79":{"start":{"line":172,"column":42},"end":{"line":172,"column":50}},"80":{"start":{"line":173,"column":4},"end":{"line":175,"column":null}},"81":{"start":{"line":174,"column":6},"end":{"line":174,"column":58}},"82":{"start":{"line":176,"column":23},"end":{"line":176,"column":78}},"83":{"start":{"line":177,"column":17},"end":{"line":180,"column":6}},"84":{"start":{"line":181,"column":4},"end":{"line":183,"column":null}},"85":{"start":{"line":182,"column":6},"end":{"line":182,"column":64}},"86":{"start":{"line":184,"column":4},"end":{"line":186,"column":null}},"87":{"start":{"line":185,"column":6},"end":{"line":185,"column":63}},"88":{"start":{"line":188,"column":4},"end":{"line":188,"column":29}},"89":{"start":{"line":189,"column":4},"end":{"line":189,"column":32}},"90":{"start":{"line":190,"column":4},"end":{"line":190,"column":38}},"91":{"start":{"line":191,"column":4},"end":{"line":191,"column":22}},"92":{"start":{"line":192,"column":4},"end":{"line":194,"column":80}},"93":{"start":{"line":198,"column":2},"end":{"line":234,"column":5}},"94":{"start":{"line":203,"column":4},"end":{"line":233,"column":null}},"95":{"start":{"line":204,"column":21},"end":{"line":204,"column":36}},"96":{"start":{"line":205,"column":19},"end":{"line":205,"column":54}},"97":{"start":{"line":206,"column":6},"end":{"line":208,"column":null}},"98":{"start":{"line":207,"column":8},"end":{"line":207,"column":61}},"99":{"start":{"line":209,"column":6},"end":{"line":211,"column":null}},"100":{"start":{"line":210,"column":8},"end":{"line":210,"column":61}},"101":{"start":{"line":212,"column":24},"end":{"line":215,"column":19}},"102":{"start":{"line":216,"column":6},"end":{"line":221,"column":8}},"103":{"start":{"line":222,"column":6},"end":{"line":222,"column":24}},"104":{"start":{"line":223,"column":6},"end":{"line":227,"column":9}},"105":{"start":{"line":229,"column":6},"end":{"line":231,"column":null}},"106":{"start":{"line":230,"column":8},"end":{"line":230,"column":62}},"107":{"start":{"line":232,"column":6},"end":{"line":232,"column":51}},"108":{"start":{"line":237,"column":2},"end":{"line":252,"column":5}},"109":{"start":{"line":242,"column":19},"end":{"line":242,"column":34}},"110":{"start":{"line":243,"column":17},"end":{"line":243,"column":52}},"111":{"start":{"line":244,"column":4},"end":{"line":246,"column":null}},"112":{"start":{"line":245,"column":6},"end":{"line":245,"column":59}},"113":{"start":{"line":247,"column":4},"end":{"line":247,"column":27}},"114":{"start":{"line":248,"column":4},"end":{"line":248,"column":22}},"115":{"start":{"line":249,"column":4},"end":{"line":251,"column":78}},"116":{"start":{"line":254,"column":2},"end":{"line":272,"column":5}},"117":{"start":{"line":259,"column":19},"end":{"line":259,"column":29}},"118":{"start":{"line":260,"column":4},"end":{"line":262,"column":null}},"119":{"start":{"line":261,"column":6},"end":{"line":261,"column":60}},"120":{"start":{"line":263,"column":17},"end":{"line":263,"column":48}},"121":{"start":{"line":264,"column":4},"end":{"line":266,"column":null}},"122":{"start":{"line":265,"column":6},"end":{"line":265,"column":59}},"123":{"start":{"line":267,"column":4},"end":{"line":269,"column":null}},"124":{"start":{"line":268,"column":6},"end":{"line":268,"column":66}},"125":{"start":{"line":270,"column":4},"end":{"line":270,"column":47}},"126":{"start":{"line":271,"column":4},"end":{"line":271,"column":42}},"127":{"start":{"line":273,"column":2},"end":{"line":283,"column":5}},"128":{"start":{"line":278,"column":21},"end":{"line":280,"column":28}},"129":{"start":{"line":281,"column":17},"end":{"line":281,"column":55}},"130":{"start":{"line":282,"column":4},"end":{"line":282,"column":59}},"131":{"start":{"line":284,"column":2},"end":{"line":301,"column":5}},"132":{"start":{"line":289,"column":19},"end":{"line":289,"column":29}},"133":{"start":{"line":290,"column":4},"end":{"line":292,"column":null}},"134":{"start":{"line":291,"column":6},"end":{"line":291,"column":60}},"135":{"start":{"line":293,"column":17},"end":{"line":293,"column":48}},"136":{"start":{"line":294,"column":4},"end":{"line":296,"column":null}},"137":{"start":{"line":295,"column":6},"end":{"line":295,"column":59}},"138":{"start":{"line":297,"column":4},"end":{"line":299,"column":null}},"139":{"start":{"line":298,"column":6},"end":{"line":298,"column":34}},"140":{"start":{"line":300,"column":4},"end":{"line":300,"column":50}},"141":{"start":{"line":17,"column":0},"end":{"line":17,"column":21}}},"fnMap":{"0":{"name":"(anonymous_8)","decl":{"start":{"line":17,"column":0},"end":{"line":17,"column":21}},"loc":{"start":{"line":17,"column":0},"end":{"line":302,"column":1}}},"1":{"name":"(anonymous_9)","decl":{"start":{"line":18,"column":28},"end":{"line":18,"column":null}},"loc":{"start":{"line":21,"column":22},"end":{"line":44,"column":4}}},"2":{"name":"(anonymous_11)","decl":{"start":{"line":46,"column":27},"end":{"line":46,"column":null}},"loc":{"start":{"line":49,"column":22},"end":{"line":73,"column":4}}},"3":{"name":"(anonymous_13)","decl":{"start":{"line":76,"column":28},"end":{"line":76,"column":null}},"loc":{"start":{"line":79,"column":22},"end":{"line":92,"column":4}}},"4":{"name":"(anonymous_15)","decl":{"start":{"line":94,"column":35},"end":{"line":94,"column":null}},"loc":{"start":{"line":97,"column":22},"end":{"line":121,"column":4}}},"5":{"name":"(anonymous_17)","decl":{"start":{"line":107,"column":20},"end":{"line":107,"column":27}},"loc":{"start":{"line":107,"column":46},"end":{"line":109,"column":8}}},"6":{"name":"(anonymous_18)","decl":{"start":{"line":107,"column":46},"end":{"line":107,"column":null}},"loc":{"start":{"line":107,"column":46},"end":{"line":109,"column":7}}},"7":{"name":"(anonymous_19)","decl":{"start":{"line":123,"column":36},"end":{"line":123,"column":null}},"loc":{"start":{"line":126,"column":22},"end":{"line":164,"column":4}}},"8":{"name":"(anonymous_21)","decl":{"start":{"line":166,"column":35},"end":{"line":166,"column":null}},"loc":{"start":{"line":169,"column":22},"end":{"line":195,"column":4}}},"9":{"name":"(anonymous_23)","decl":{"start":{"line":198,"column":35},"end":{"line":198,"column":null}},"loc":{"start":{"line":201,"column":22},"end":{"line":234,"column":4}}},"10":{"name":"(anonymous_25)","decl":{"start":{"line":237,"column":38},"end":{"line":237,"column":null}},"loc":{"start":{"line":240,"column":22},"end":{"line":252,"column":4}}},"11":{"name":"(anonymous_27)","decl":{"start":{"line":254,"column":36},"end":{"line":254,"column":null}},"loc":{"start":{"line":257,"column":22},"end":{"line":272,"column":4}}},"12":{"name":"(anonymous_29)","decl":{"start":{"line":273,"column":33},"end":{"line":273,"column":null}},"loc":{"start":{"line":276,"column":22},"end":{"line":283,"column":4}}},"13":{"name":"(anonymous_31)","decl":{"start":{"line":284,"column":29},"end":{"line":284,"column":null}},"loc":{"start":{"line":287,"column":22},"end":{"line":301,"column":4}}}},"branchMap":{"0":{"loc":{"start":{"line":25,"column":4},"end":{"line":27,"column":null}},"type":"if","locations":[{"start":{"line":25,"column":4},"end":{"line":27,"column":null}}]},"1":{"loc":{"start":{"line":38,"column":4},"end":{"line":40,"column":null}},"type":"if","locations":[{"start":{"line":38,"column":4},"end":{"line":40,"column":null}}]},"2":{"loc":{"start":{"line":53,"column":4},"end":{"line":55,"column":null}},"type":"if","locations":[{"start":{"line":53,"column":4},"end":{"line":55,"column":null}}]},"3":{"loc":{"start":{"line":57,"column":4},"end":{"line":59,"column":null}},"type":"if","locations":[{"start":{"line":57,"column":4},"end":{"line":59,"column":null}}]},"4":{"loc":{"start":{"line":65,"column":4},"end":{"line":67,"column":null}},"type":"if","locations":[{"start":{"line":65,"column":4},"end":{"line":67,"column":null}}]},"5":{"loc":{"start":{"line":82,"column":4},"end":{"line":84,"column":null}},"type":"if","locations":[{"start":{"line":82,"column":4},"end":{"line":84,"column":null}}]},"6":{"loc":{"start":{"line":101,"column":4},"end":{"line":103,"column":null}},"type":"if","locations":[{"start":{"line":101,"column":4},"end":{"line":103,"column":null}}]},"7":{"loc":{"start":{"line":106,"column":4},"end":{"line":110,"column":null}},"type":"if","locations":[{"start":{"line":106,"column":4},"end":{"line":110,"column":null}}]},"8":{"loc":{"start":{"line":129,"column":4},"end":{"line":131,"column":null}},"type":"if","locations":[{"start":{"line":129,"column":4},"end":{"line":131,"column":null}}]},"9":{"loc":{"start":{"line":133,"column":4},"end":{"line":135,"column":null}},"type":"if","locations":[{"start":{"line":133,"column":4},"end":{"line":135,"column":null}}]},"10":{"loc":{"start":{"line":147,"column":6},"end":{"line":153,"column":null}},"type":"if","locations":[{"start":{"line":147,"column":6},"end":{"line":153,"column":null}}]},"11":{"loc":{"start":{"line":159,"column":6},"end":{"line":161,"column":null}},"type":"if","locations":[{"start":{"line":159,"column":6},"end":{"line":161,"column":null}}]},"12":{"loc":{"start":{"line":173,"column":4},"end":{"line":175,"column":null}},"type":"if","locations":[{"start":{"line":173,"column":4},"end":{"line":175,"column":null}}]},"13":{"loc":{"start":{"line":181,"column":4},"end":{"line":183,"column":null}},"type":"if","locations":[{"start":{"line":181,"column":4},"end":{"line":183,"column":null}}]},"14":{"loc":{"start":{"line":184,"column":4},"end":{"line":186,"column":null}},"type":"if","locations":[{"start":{"line":184,"column":4},"end":{"line":186,"column":null}}]},"15":{"loc":{"start":{"line":206,"column":6},"end":{"line":208,"column":null}},"type":"if","locations":[{"start":{"line":206,"column":6},"end":{"line":208,"column":null}}]},"16":{"loc":{"start":{"line":209,"column":6},"end":{"line":211,"column":null}},"type":"if","locations":[{"start":{"line":209,"column":6},"end":{"line":211,"column":null}}]},"17":{"loc":{"start":{"line":229,"column":6},"end":{"line":231,"column":null}},"type":"if","locations":[{"start":{"line":229,"column":6},"end":{"line":231,"column":null}}]},"18":{"loc":{"start":{"line":244,"column":4},"end":{"line":246,"column":null}},"type":"if","locations":[{"start":{"line":244,"column":4},"end":{"line":246,"column":null}}]},"19":{"loc":{"start":{"line":260,"column":4},"end":{"line":262,"column":null}},"type":"if","locations":[{"start":{"line":260,"column":4},"end":{"line":262,"column":null}}]},"20":{"loc":{"start":{"line":264,"column":4},"end":{"line":266,"column":null}},"type":"if","locations":[{"start":{"line":264,"column":4},"end":{"line":266,"column":null}}]},"21":{"loc":{"start":{"line":267,"column":4},"end":{"line":269,"column":null}},"type":"if","locations":[{"start":{"line":267,"column":4},"end":{"line":269,"column":null}}]},"22":{"loc":{"start":{"line":290,"column":4},"end":{"line":292,"column":null}},"type":"if","locations":[{"start":{"line":290,"column":4},"end":{"line":292,"column":null}}]},"23":{"loc":{"start":{"line":294,"column":4},"end":{"line":296,"column":null}},"type":"if","locations":[{"start":{"line":294,"column":4},"end":{"line":296,"column":null}}]},"24":{"loc":{"start":{"line":297,"column":4},"end":{"line":299,"column":null}},"type":"if","locations":[{"start":{"line":297,"column":4},"end":{"line":299,"column":null}}]}},"s":{"0":1,"1":1,"2":1,"3":1,"4":1,"5":1,"6":1,"7":1,"8":1,"9":1,"10":1,"11":0,"12":0,"13":0,"14":0,"15":0,"16":0,"17":0,"18":0,"19":0,"20":0,"21":1,"22":0,"23":0,"24":0,"25":0,"26":0,"27":0,"28":0,"29":0,"30":0,"31":0,"32":0,"33":0,"34":1,"35":0,"36":0,"37":0,"38":0,"39":0,"40":1,"41":0,"42":0,"43":0,"44":0,"45":0,"46":0,"47":0,"48":0,"49":0,"50":0,"51":0,"52":0,"53":0,"54":1,"55":0,"56":0,"57":0,"58":0,"59":0,"60":0,"61":0,"62":0,"63":0,"64":0,"65":0,"66":0,"67":0,"68":0,"69":0,"70":0,"71":0,"72":0,"73":0,"74":0,"75":0,"76":0,"77":1,"78":0,"79":0,"80":0,"81":0,"82":0,"83":0,"84":0,"85":0,"86":0,"87":0,"88":0,"89":0,"90":0,"91":0,"92":0,"93":1,"94":0,"95":0,"96":0,"97":0,"98":0,"99":0,"100":0,"101":0,"102":0,"103":0,"104":0,"105":0,"106":0,"107":0,"108":1,"109":0,"110":0,"111":0,"112":0,"113":0,"114":0,"115":0,"116":1,"117":0,"118":0,"119":0,"120":0,"121":0,"122":0,"123":0,"124":0,"125":0,"126":0,"127":1,"128":0,"129":0,"130":0,"131":1,"132":0,"133":0,"134":0,"135":0,"136":0,"137":0,"138":0,"139":0,"140":0,"141":1},"f":{"0":1,"1":0,"2":0,"3":0,"4":0,"5":0,"6":0,"7":0,"8":0,"9":0,"10":0,"11":0,"12":0,"13":0},"b":{"0":[0],"1":[0],"2":[0],"3":[0],"4":[0],"5":[0],"6":[0],"7":[0],"8":[0],"9":[0],"10":[0],"11":[0],"12":[0],"13":[0],"14":[0],"15":[0],"16":[0],"17":[0],"18":[0],"19":[0],"20":[0],"21":[0],"22":[0],"23":[0],"24":[0]}}
,"D:\\social_media\\server\\src\\middleware\\auth.middleware.ts": {"path":"D:\\social_media\\server\\src\\middleware\\auth.middleware.ts","statementMap":{"0":{"start":{"line":3,"column":0},"end":{"line":3,"column":47}},"1":{"start":{"line":4,"column":0},"end":{"line":4,"column":31}},"2":{"start":{"line":5,"column":0},"end":{"line":5,"column":63}},"3":{"start":{"line":6,"column":0},"end":{"line":6,"column":55}},"4":{"start":{"line":7,"column":0},"end":{"line":7,"column":38}},"5":{"start":{"line":9,"column":0},"end":{"line":29,"column":3}},"6":{"start":{"line":14,"column":20},"end":{"line":14,"column":31}},"7":{"start":{"line":15,"column":2},"end":{"line":17,"column":null}},"8":{"start":{"line":16,"column":4},"end":{"line":16,"column":56}},"9":{"start":{"line":18,"column":15},"end":{"line":18,"column":50}},"10":{"start":{"line":19,"column":2},"end":{"line":27,"column":null}},"11":{"start":{"line":20,"column":35},"end":{"line":20,"column":71}},"12":{"start":{"line":21,"column":4},"end":{"line":25,"column":null}},"13":{"start":{"line":22,"column":6},"end":{"line":22,"column":33}},"14":{"start":{"line":23,"column":6},"end":{"line":23,"column":40}},"15":{"start":{"line":24,"column":6},"end":{"line":24,"column":20}},"16":{"start":{"line":26,"column":4},"end":{"line":26,"column":62}},"17":{"start":{"line":28,"column":2},"end":{"line":28,"column":53}}},"fnMap":{"0":{"name":"(anonymous_8)","decl":{"start":{"line":9,"column":32},"end":{"line":9,"column":null}},"loc":{"start":{"line":12,"column":20},"end":{"line":29,"column":2}}}},"branchMap":{"0":{"loc":{"start":{"line":15,"column":2},"end":{"line":17,"column":null}},"type":"if","locations":[{"start":{"line":15,"column":2},"end":{"line":17,"column":null}}]},"1":{"loc":{"start":{"line":19,"column":2},"end":{"line":27,"column":null}},"type":"if","locations":[{"start":{"line":19,"column":2},"end":{"line":27,"column":null}}]},"2":{"loc":{"start":{"line":21,"column":4},"end":{"line":25,"column":null}},"type":"if","locations":[{"start":{"line":21,"column":4},"end":{"line":25,"column":null}}]}},"s":{"0":1,"1":1,"2":1,"3":1,"4":1,"5":1,"6":0,"7":0,"8":0,"9":0,"10":0,"11":0,"12":0,"13":0,"14":0,"15":0,"16":0,"17":0},"f":{"0":0},"b":{"0":[0],"1":[0],"2":[0]}}
,"D:\\social_media\\server\\src\\middleware\\bodyValidator.middleware.ts": {"path":"D:\\social_media\\server\\src\\middleware\\bodyValidator.middleware.ts","statementMap":{"0":{"start":{"line":8,"column":40},"end":{"line":8,"column":48}},"1":{"start":{"line":9,"column":23},"end":{"line":9,"column":52}},"2":{"start":{"line":11,"column":2},"end":{"line":18,"column":null}},"3":{"start":{"line":12,"column":4},"end":{"line":17,"column":null}},"4":{"start":{"line":13,"column":6},"end":{"line":16,"column":9}},"5":{"start":{"line":19,"column":2},"end":{"line":24,"column":null}},"6":{"start":{"line":20,"column":4},"end":{"line":23,"column":7}},"7":{"start":{"line":25,"column":2},"end":{"line":30,"column":null}},"8":{"start":{"line":26,"column":4},"end":{"line":29,"column":7}},"9":{"start":{"line":31,"column":16},"end":{"line":31,"column":65}},"10":{"start":{"line":32,"column":2},"end":{"line":37,"column":null}},"11":{"start":{"line":33,"column":4},"end":{"line":36,"column":7}},"12":{"start":{"line":38,"column":2},"end":{"line":38,"column":9}},"13":{"start":{"line":7,"column":0},"end":{"line":7,"column":25}}},"fnMap":{"0":{"name":"default_1","decl":{"start":{"line":7,"column":0},"end":{"line":7,"column":25}},"loc":{"start":{"line":7,"column":72},"end":{"line":39,"column":1}}}},"branchMap":{"0":{"loc":{"start":{"line":12,"column":4},"end":{"line":17,"column":null}},"type":"if","locations":[{"start":{"line":12,"column":4},"end":{"line":17,"column":null}}]},"1":{"loc":{"start":{"line":19,"column":2},"end":{"line":24,"column":null}},"type":"if","locations":[{"start":{"line":19,"column":2},"end":{"line":24,"column":null}}]},"2":{"loc":{"start":{"line":25,"column":2},"end":{"line":30,"column":null}},"type":"if","locations":[{"start":{"line":25,"column":2},"end":{"line":30,"column":null}}]},"3":{"loc":{"start":{"line":32,"column":2},"end":{"line":37,"column":null}},"type":"if","locations":[{"start":{"line":32,"column":2},"end":{"line":37,"column":null}}]}},"s":{"0":0,"1":0,"2":0,"3":0,"4":0,"5":0,"6":0,"7":0,"8":0,"9":0,"10":0,"11":0,"12":0,"13":1},"f":{"0":0},"b":{"0":[0],"1":[0],"2":[0],"3":[0]}}
,"D:\\social_media\\server\\src\\middleware\\error.middleware.ts": {"path":"D:\\social_media\\server\\src\\middleware\\error.middleware.ts","statementMap":{"0":{"start":{"line":3,"column":25},"end":{"line":20,"column":1}},"1":{"start":{"line":4,"column":2},"end":{"line":19,"column":4}},"2":{"start":{"line":11,"column":23},"end":{"line":11,"column":64}},"3":{"start":{"line":12,"column":4},"end":{"line":14,"column":null}},"4":{"start":{"line":13,"column":6},"end":{"line":13,"column":43}},"5":{"start":{"line":15,"column":4},"end":{"line":18,"column":7}},"6":{"start":{"line":3,"column":13},"end":{"line":3,"column":25}}},"fnMap":{"0":{"name":"(anonymous_0)","decl":{"start":{"line":3,"column":25},"end":{"line":3,"column":28}},"loc":{"start":{"line":3,"column":30},"end":{"line":20,"column":1}}},"1":{"name":"(anonymous_1)","decl":{"start":{"line":4,"column":9},"end":{"line":4,"column":null}},"loc":{"start":{"line":9,"column":6},"end":{"line":19,"column":3}}}},"branchMap":{"0":{"loc":{"start":{"line":11,"column":23},"end":{"line":11,"column":64}},"type":"cond-expr","locations":[{"start":{"line":11,"column":42},"end":{"line":11,"column":58}},{"start":{"line":11,"column":61},"end":{"line":11,"column":64}}]},"1":{"loc":{"start":{"line":12,"column":4},"end":{"line":14,"column":null}},"type":"if","locations":[{"start":{"line":12,"column":4},"end":{"line":14,"column":null}}]},"2":{"loc":{"start":{"line":17,"column":15},"end":{"line":17,"column":57}},"type":"binary-expr","locations":[{"start":{"line":17,"column":15},"end":{"line":17,"column":40}},{"start":{"line":17,"column":44},"end":{"line":17,"column":57}}]}},"s":{"0":1,"1":1,"2":0,"3":0,"4":0,"5":0,"6":1},"f":{"0":1,"1":0},"b":{"0":[0,0],"1":[0],"2":[0,0]}}
,"D:\\social_media\\server\\src\\middleware\\fileUpload.middleware.ts": {"path":"D:\\social_media\\server\\src\\middleware\\fileUpload.middleware.ts","statementMap":{"0":{"start":{"line":1,"column":0},"end":{"line":1,"column":54}},"1":{"start":{"line":2,"column":0},"end":{"line":2,"column":28}},"2":{"start":{"line":4,"column":0},"end":{"line":4,"column":24}},"3":{"start":{"line":5,"column":0},"end":{"line":5,"column":38}},"4":{"start":{"line":6,"column":0},"end":{"line":6,"column":55}},"5":{"start":{"line":7,"column":16},"end":{"line":26,"column":2}},"6":{"start":{"line":10,"column":4},"end":{"line":24,"column":7}},"7":{"start":{"line":12,"column":8},"end":{"line":12,"column":64}},"8":{"start":{"line":13,"column":23},"end":{"line":13,"column":52}},"9":{"start":{"line":14,"column":22},"end":{"line":14,"column":69}},"10":{"start":{"line":15,"column":6},"end":{"line":22,"column":null}},"11":{"start":{"line":16,"column":25},"end":{"line":16,"column":42}},"12":{"start":{"line":17,"column":25},"end":{"line":20,"column":10}},"13":{"start":{"line":21,"column":8},"end":{"line":21,"column":33}},"14":{"start":{"line":23,"column":6},"end":{"line":23,"column":61}},"15":{"start":{"line":28,"column":0},"end":{"line":28,"column":35}}},"fnMap":{"0":{"name":"(anonymous_1)","decl":{"start":{"line":9,"column":8},"end":{"line":9,"column":9}},"loc":{"start":{"line":9,"column":31},"end":{"line":25,"column":3}}},"1":{"name":"(anonymous_2)","decl":{"start":{"line":10,"column":23},"end":{"line":10,"column":24}},"loc":{"start":{"line":10,"column":43},"end":{"line":24,"column":5}}}},"branchMap":{"0":{"loc":{"start":{"line":15,"column":6},"end":{"line":22,"column":null}},"type":"if","locations":[{"start":{"line":15,"column":6},"end":{"line":22,"column":null}}]},"1":{"loc":{"start":{"line":15,"column":10},"end":{"line":15,"column":29}},"type":"binary-expr","locations":[{"start":{"line":15,"column":10},"end":{"line":15,"column":18}},{"start":{"line":15,"column":22},"end":{"line":15,"column":29}}]}},"s":{"0":1,"1":1,"2":1,"3":1,"4":1,"5":1,"6":0,"7":0,"8":0,"9":0,"10":0,"11":0,"12":0,"13":0,"14":0,"15":1},"f":{"0":0,"1":0},"b":{"0":[0],"1":[0,0]}}
,"D:\\social_media\\server\\src\\middleware\\internationalization.middleware.ts": {"path":"D:\\social_media\\server\\src\\middleware\\internationalization.middleware.ts","statementMap":{"0":{"start":{"line":1,"column":0},"end":{"line":1,"column":28}},"1":{"start":{"line":2,"column":0},"end":{"line":2,"column":24}},"2":{"start":{"line":4,"column":13},"end":{"line":4,"column":23}},"3":{"start":{"line":5,"column":0},"end":{"line":10,"column":3}},"4":{"start":{"line":12,"column":0},"end":{"line":12,"column":20}}},"fnMap":{},"branchMap":{},"s":{"0":1,"1":1,"2":1,"3":1,"4":1},"f":{},"b":{}}
[...]
,"D:\\social_media\\server\\src\\services\\mongoose.service.ts": {"path":"D:\\social_media\\server\\src\\services\\mongoose.service.ts","statementMap":{"0":{"start":{"line":4,"column":21},"end":{"line":4,"column":45}},"1":{"start":{"line":12,"column":4},"end":{"line":12,"column":49}},"2":{"start":{"line":21,"column":4},"end":{"line":21,"column":35}},"3":{"start":{"line":30,"column":4},"end":{"line":30,"column":42}},"4":{"start":{"line":39,"column":4},"end":{"line":39,"column":51}},"5":{"start":{"line":47,"column":4},"end":{"line":47,"column":48}},"6":{"start":{"line":56,"column":4},"end":{"line":56,"column":57}},"7":{"start":{"line":64,"column":4},"end":{"line":64,"column":41}},"8":{"start":{"line":76,"column":4},"end":{"line":76,"column":53}},"9":{"start":{"line":86,"column":4},"end":{"line":86,"column":42}},"10":{"start":{"line":101,"column":4},"end":{"line":101,"column":66}},"11":{"start":{"line":113,"column":4},"end":{"line":113,"column":75}},"12":{"start":{"line":3,"column":0},"end":{"line":3,"column":21}}},"fnMap":{"0":{"name":"(anonymous_0)","decl":{"start":{"line":4,"column":2},"end":{"line":4,"column":21}},"loc":{"start":{"line":4,"column":45},"end":{"line":4,"column":49}}},"1":{"name":"(anonymous_1)","decl":{"start":{"line":11,"column":2},"end":{"line":11,"column":11}},"loc":{"start":{"line":11,"column":27},"end":{"line":13,"column":3}}},"2":{"name":"(anonymous_2)","decl":{"start":{"line":20,"column":2},"end":{"line":20,"column":8}},"loc":{"start":{"line":20,"column":25},"end":{"line":22,"column":3}}},"3":{"name":"(anonymous_3)","decl":{"start":{"line":29,"column":2},"end":{"line":29,"column":7}},"loc":{"start":{"line":29,"column":36},"end":{"line":31,"column":3}}},"4":{"name":"(anonymous_4)","decl":{"start":{"line":38,"column":2},"end":{"line":38,"column":8}},"loc":{"start":{"line":38,"column":19},"end":{"line":40,"column":3}}},"5":{"name":"(anonymous_5)","decl":{"start":{"line":46,"column":2},"end":{"line":46,"column":12}},"loc":{"start":{"line":46,"column":42},"end":{"line":48,"column":3}}},"6":{"name":"(anonymous_6)","decl":{"start":{"line":55,"column":2},"end":{"line":55,"column":14}},"loc":{"start":{"line":55,"column":58},"end":{"line":57,"column":3}}},"7":{"name":"(anonymous_7)","decl":{"start":{"line":63,"column":2},"end":{"line":63,"column":6}},"loc":{"start":{"line":63,"column":35},"end":{"line":65,"column":3}}},"8":{"name":"(anonymous_8)","decl":{"start":{"line":75,"column":2},"end":{"line":75,"column":9}},"loc":{"start":{"line":75,"column":71},"end":{"line":77,"column":3}}},"9":{"name":"(anonymous_9)","decl":{"start":{"line":85,"column":2},"end":{"line":85,"column":10}},"loc":{"start":{"line":85,"column":21},"end":{"line":87,"column":3}}},"10":{"name":"(anonymous_10)","decl":{"start":{"line":96,"column":2},"end":{"line":96,"column":8}},"loc":{"start":{"line":99,"column":39},"end":{"line":102,"column":3}}},"11":{"name":"(anonymous_11)","decl":{"start":{"line":108,"column":2},"end":{"line":108,"column":15}},"loc":{"start":{"line":111,"column":27},"end":{"line":114,"column":3}}}},"branchMap":{"0":{"loc":{"start":{"line":99,"column":4},"end":{"line":99,"column":39}},"type":"default-arg","locations":[{"start":{"line":99,"column":14},"end":{"line":99,"column":39}}]},"1":{"loc":{"start":{"line":111,"column":4},"end":{"line":111,"column":27}},"type":"default-arg","locations":[{"start":{"line":111,"column":14},"end":{"line":111,"column":27}}]}},"s":{"0":3,"1":0,"2":0,"3":0,"4":0,"5":0,"6":0,"7":0,"8":0,"9":0,"10":0,"11":0,"12":1},"f":{"0":3,"1":0,"2":0,"3":0,"4":0,"5":0,"6":0,"7":0,"8":0,"9":0,"10":0,"11":0},"b":{"0":[0],"1":[0]}}
,"D:\\social_media\\server\\src\\utils\\logger.ts": {"path":"D:\\social_media\\server\\src\\utils\\logger.ts","statementMap":{"0":{"start":{"line":1,"column":0},"end":{"line":1,"column":26}},"1":{"start":{"line":2,"column":0},"end":{"line":2,"column":null}},"2":{"start":{"line":3,"column":2},"end":{"line":3,"column":null}},"3":{"start":{"line":4,"column":2},"end":{"line":4,"column":null}},"4":{"start":{"line":5,"column":2},"end":{"line":5,"column":null}},"5":{"start":{"line":6,"column":2},"end":{"line":6,"column":null}},"6":{"start":{"line":8,"column":0},"end":{"line":8,"column":null}},"7":{"start":{"line":9,"column":2},"end":{"line":9,"column":null}},"8":{"start":{"line":10,"column":2},"end":{"line":10,"column":null}},"9":{"start":{"line":11,"column":2},"end":{"line":11,"column":null}},"10":{"start":{"line":12,"column":2},"end":{"line":12,"column":null}},"11":{"start":{"line":14,"column":22},"end":{"line":27,"column":1}},"12":{"start":{"line":15,"column":2},"end":{"line":26,"column":null}},"13":{"start":{"line":16,"column":4},"end":{"line":25,"column":null}},"14":{"start":{"line":17,"column":20},"end":{"line":17,"column":59}},"15":{"start":{"line":18,"column":6},"end":{"line":24,"column":8}},"16":{"start":{"line":14,"column":13},"end":{"line":14,"column":22}},"17":{"start":{"line":29,"column":23},"end":{"line":35,"column":1}},"18":{"start":{"line":30,"column":2},"end":{"line":34,"column":15}},"19":{"start":{"line":33,"column":19},"end":{"line":33,"column":63}}},"fnMap":{"0":{"name":"(anonymous_1)","decl":{"start":{"line":2,"column":0},"end":{"line":2,"column":12}},"loc":{"start":{"line":2,"column":19},"end":{"line":7,"column":1}}},"1":{"name":"(anonymous_2)","decl":{"start":{"line":8,"column":0},"end":{"line":8,"column":12}},"loc":{"start":{"line":8,"column":22},"end":{"line":13,"column":1}}},"2":{"name":"(anonymous_3)","decl":{"start":{"line":14,"column":22},"end":{"line":14,"column":32}},"loc":{"start":{"line":14,"column":65},"end":{"line":27,"column":1}}},"3":{"name":"(anonymous_4)","decl":{"start":{"line":29,"column":23},"end":{"line":29,"column":33}},"loc":{"start":{"line":29,"column":48},"end":{"line":35,"column":1}}},"4":{"name":"(anonymous_5)","decl":{"start":{"line":33,"column":9},"end":{"line":33,"column":10}},"loc":{"start":{"line":33,"column":19},"end":{"line":33,"column":63}}}},"branchMap":{"0":{"loc":{"start":{"line":2,"column":12},"end":{"line":2,"column":null}},"type":"binary-expr","locations":[{"start":{"line":2,"column":12},"end":{"line":2,"column":19}},{"start":{"line":2,"column":12},"end":{"line":2,"column":null}}]},"1":{"loc":{"start":{"line":8,"column":12},"end":{"line":8,"column":null}},"type":"binary-expr","locations":[{"start":{"line":8,"column":12},"end":{"line":8,"column":22}},{"start":{"line":8,"column":12},"end":{"line":8,"column":null}}]},"2":{"loc":{"start":{"line":16,"column":4},"end":{"line":25,"column":null}},"type":"if","locations":[{"start":{"line":16,"column":4},"end":{"line":25,"column":null}}]}},"s":{"0":1,"1":1,"2":1,"3":1,"4":1,"5":1,"6":1,"7":1,"8":1,"9":1,"10":1,"11":1,"12":0,"13":0,"14":0,"15":0,"16":1,"17":1,"18":0,"19":0},"f":{"0":1,"1":1,"2":0,"3":0,"4":0},"b":{"0":[1,1],"1":[1,1],"2":[0]}}
,"D:\\social_media\\server\\src\\utils\\mailer.ts": {"path":"D:\\social_media\\server\\src\\utils\\mailer.ts","statementMap":{"0":{"start":{"line":1,"column":0},"end":{"line":1,"column":36}},"1":{"start":{"line":2,"column":0},"end":{"line":2,"column":38}},"2":{"start":{"line":9,"column":71},"end":{"line":9,"column":77}},"3":{"start":{"line":10,"column":17},"end":{"line":10,"column":41}},"4":{"start":{"line":11,"column":17},"end":{"line":11,"column":28}},"5":{"start":{"line":12,"column":17},"end":{"line":12,"column":36}},"6":{"start":{"line":14,"column":20},"end":{"line":24,"column":2}},"7":{"start":{"line":27,"column":15},"end":{"line":32,"column":4}},"8":{"start":{"line":33,"column":2},"end":{"line":33,"column":38}},"9":{"start":{"line":26,"column":0},"end":{"line":26,"column":30}}},"fnMap":{"0":{"name":"sendEMail","decl":{"start":{"line":26,"column":30},"end":{"line":26,"column":39}},"loc":{"start":{"line":26,"column":64},"end":{"line":34,"column":null}}}},"branchMap":{},"s":{"0":1,"1":1,"2":1,"3":1,"4":1,"5":1,"6":1,"7":0,"8":0,"9":1},"f":{"0":0},"b":{}}
,"D:\\social_media\\server\\src\\utils\\Aggregation\\ApiFeatures.ts": {"path":"D:\\social_media\\server\\src\\utils\\Aggregation\\ApiFeatures.ts","statementMap":{"0":{"start":{"line":4,"column":2},"end":{"line":4,"column":21}},"1":{"start":{"line":7,"column":4},"end":{"line":7,"column":29}},"2":{"start":{"line":10,"column":4},"end":{"line":14,"column":7}},"3":{"start":{"line":15,"column":4},"end":{"line":15,"column":16}},"4":{"start":{"line":19,"column":4},"end":{"line":39,"column":null}},"5":{"start":{"line":20,"column":6},"end":{"line":37,"column":9}},"6":{"start":{"line":38,"column":6},"end":{"line":38,"column":18}},"7":{"start":{"line":41,"column":4},"end":{"line":47,"column":7}},"8":{"start":{"line":48,"column":4},"end":{"line":48,"column":16}},"9":{"start":{"line":52,"column":4},"end":{"line":66,"column":null}},"10":{"start":{"line":53,"column":6},"end":{"line":64,"column":8}},"11":{"start":{"line":65,"column":6},"end":{"line":65,"column":18}},"12":{"start":{"line":68,"column":4},"end":{"line":75,"column":null}},"13":{"start":{"line":69,"column":6},"end":{"line":73,"column":9}},"14":{"start":{"line":74,"column":6},"end":{"line":74,"column":18}},"15":{"start":{"line":76,"column":4},"end":{"line":76,"column":16}},"16":{"start":{"line":79,"column":27},"end":{"line":79,"column":56}},"17":{"start":{"line":80,"column":20},"end":{"line":80,"column":51}},"18":{"start":{"line":81,"column":17},"end":{"line":81,"column":47}},"19":{"start":{"line":82,"column":4},"end":{"line":94,"column":7}},"20":{"start":{"line":95,"column":4},"end":{"line":95,"column":16}},"21":{"start":{"line":3,"column":0},"end":{"line":3,"column":30}}},"fnMap":{"0":{"name":"(anonymous_0)","decl":{"start":{"line":6,"column":2},"end":{"line":6,"column":14}},"loc":{"start":{"line":6,"column":27},"end":{"line":8,"column":3}}},"1":{"name":"(anonymous_1)","decl":{"start":{"line":9,"column":2},"end":{"line":9,"column":9}},"loc":{"start":{"line":9,"column":37},"end":{"line":16,"column":3}}},"2":{"name":"(anonymous_2)","decl":{"start":{"line":17,"column":2},"end":{"line":17,"column":8}},"loc":{"start":{"line":17,"column":8},"end":{"line":49,"column":3}}},"3":{"name":"(anonymous_3)","decl":{"start":{"line":50,"column":2},"end":{"line":50,"column":12}},"loc":{"start":{"line":50,"column":12},"end":{"line":77,"column":3}}},"4":{"name":"(anonymous_4)","decl":{"start":{"line":78,"column":2},"end":{"line":78,"column":12}},"loc":{"start":{"line":78,"column":12},"end":{"line":96,"column":3}}}},"branchMap":{"0":{"loc":{"start":{"line":19,"column":4},"end":{"line":39,"column":null}},"type":"if","locations":[{"start":{"line":19,"column":4},"end":{"line":39,"column":null}}]},"1":{"loc":{"start":{"line":52,"column":4},"end":{"line":66,"column":null}},"type":"if","locations":[{"start":{"line":52,"column":4},"end":{"line":66,"column":null}}]},"2":{"loc":{"start":{"line":68,"column":4},"end":{"line":75,"column":null}},"type":"if","locations":[{"start":{"line":68,"column":4},"end":{"line":75,"column":null}}]},"3":{"loc":{"start":{"line":79,"column":27},"end":{"line":79,"column":56}},"type":"binary-expr","locations":[{"start":{"line":79,"column":27},"end":{"line":79,"column":51}},{"start":{"line":79,"column":55},"end":{"line":79,"column":56}}]},"4":{"loc":{"start":{"line":80,"column":20},"end":{"line":80,"column":51}},"type":"binary-expr","locations":[{"start":{"line":80,"column":20},"end":{"line":80,"column":46}},{"start":{"line":80,"column":50},"end":{"line":80,"column":51}}]}},"s":{"0":0,"1":0,"2":0,"3":0,"4":0,"5":0,"6":0,"7":0,"8":0,"9":0,"10":0,"11":0,"12":0,"13":0,"14":0,"15":0,"16":0,"17":0,"18":0,"19":0,"20":0,"21":1},"f":{"0":0,"1":0,"2":0,"3":0,"4":0},"b":{"0":[0],"1":[0],"2":[0],"3":[0,0],"4":[0,0]}}
,"D:\\social_media\\server\\src\\utils\\Aggregation\\CommentsAggregaion.ts": {"path":"D:\\social_media\\server\\src\\utils\\Aggregation\\CommentsAggregaion.ts","statementMap":{"0":{"start":{"line":1,"column":0},"end":{"line":1,"column":40}},"1":{"start":{"line":5,"column":4},"end":{"line":5,"column":20}},"2":{"start":{"line":8,"column":4},"end":{"line":12,"column":7}},"3":{"start":{"line":13,"column":4},"end":{"line":13,"column":16}},"4":{"start":{"line":16,"column":4},"end":{"line":30,"column":6}},"5":{"start":{"line":31,"column":4},"end":{"line":31,"column":16}},"6":{"start":{"line":3,"column":0},"end":{"line":3,"column":21}}},"fnMap":{"0":{"name":"(anonymous_1)","decl":{"start":{"line":4,"column":2},"end":{"line":4,"column":14}},"loc":{"start":{"line":4,"column":27},"end":{"line":6,"column":3}}},"1":{"name":"(anonymous_2)","decl":{"start":{"line":7,"column":2},"end":{"line":7,"column":7}},"loc":{"start":{"line":7,"column":35},"end":{"line":14,"column":3}}},"2":{"name":"(anonymous_3)","decl":{"start":{"line":15,"column":2},"end":{"line":15,"column":11}},"loc":{"start":{"line":15,"column":11},"end":{"line":32,"column":3}}}},"branchMap":{},"s":{"0":1,"1":0,"2":0,"3":0,"4":0,"5":0,"6":1},"f":{"0":0,"1":0,"2":0},"b":{}}
,"D:\\social_media\\server\\src\\utils\\Aggregation\\PostAggregation.ts": {"path":"D:\\social_media\\server\\src\\utils\\Aggregation\\PostAggregation.ts","statementMap":{"0":{"start":{"line":2,"column":0},"end":{"line":2,"column":40}},"1":{"start":{"line":6,"column":4},"end":{"line":6,"column":20}},"2":{"start":{"line":9,"column":4},"end":{"line":13,"column":7}},"3":{"start":{"line":14,"column":4},"end":{"line":14,"column":16}},"4":{"start":{"line":17,"column":4},"end":{"line":26,"column":null}},"5":{"start":{"line":18,"column":19},"end":{"line":18,"column":37}},"6":{"start":{"line":19,"column":6},"end":{"line":25,"column":9}},"7":{"start":{"line":27,"column":4},"end":{"line":27,"column":16}},"8":{"start":{"line":30,"column":4},"end":{"line":37,"column":7}},"9":{"start":{"line":38,"column":4},"end":{"line":38,"column":16}},"10":{"start":{"line":4,"column":0},"end":{"line":4,"column":21}}},"fnMap":{"0":{"name":"(anonymous_1)","decl":{"start":{"line":5,"column":2},"end":{"line":5,"column":14}},"loc":{"start":{"line":5,"column":27},"end":{"line":7,"column":3}}},"1":{"name":"(anonymous_2)","decl":{"start":{"line":8,"column":2},"end":{"line":8,"column":13}},"loc":{"start":{"line":8,"column":32},"end":{"line":15,"column":3}}},"2":{"name":"(anonymous_3)","decl":{"start":{"line":16,"column":2},"end":{"line":16,"column":12}},"loc":{"start":{"line":16,"column":12},"end":{"line":28,"column":3}}},"3":{"name":"(anonymous_4)","decl":{"start":{"line":29,"column":2},"end":{"line":29,"column":18}},"loc":{"start":{"line":29,"column":18},"end":{"line":39,"column":3}}}},"branchMap":{"0":{"loc":{"start":{"line":17,"column":4},"end":{"line":26,"column":null}},"type":"if","locations":[{"start":{"line":17,"column":4},"end":{"line":26,"column":null}}]}},"s":{"0":1,"1":0,"2":0,"3":0,"4":0,"5":0,"6":0,"7":0,"8":0,"9":0,"10":1},"f":{"0":0,"1":0,"2":0,"3":0},"b":{"0":[0]}}
,"D:\\social_media\\server\\src\\utils\\Aggregation\\UserAggregation.ts": {"path":"D:\\social_media\\server\\src\\utils\\Aggregation\\UserAggregation.ts","statementMap":{"0":{"start":{"line":1,"column":0},"end":{"line":1,"column":40}},"1":{"start":{"line":5,"column":4},"end":{"line":5,"column":20}},"2":{"start":{"line":8,"column":4},"end":{"line":12,"column":7}},"3":{"start":{"line":13,"column":4},"end":{"line":13,"column":16}},"4":{"start":{"line":16,"column":4},"end":{"line":23,"column":7}},"5":{"start":{"line":24,"column":4},"end":{"line":24,"column":16}},"6":{"start":{"line":3,"column":0},"end":{"line":3,"column":21}}},"fnMap":{"0":{"name":"(anonymous_1)","decl":{"start":{"line":4,"column":2},"end":{"line":4,"column":14}},"loc":{"start":{"line":4,"column":27},"end":{"line":6,"column":3}}},"1":{"name":"(anonymous_2)","decl":{"start":{"line":7,"column":2},"end":{"line":7,"column":15}},"loc":{"start":{"line":7,"column":15},"end":{"line":14,"column":3}}},"2":{"name":"(anonymous_3)","decl":{"start":{"line":15,"column":2},"end":{"line":15,"column":15}},"loc":{"start":{"line":15,"column":15},"end":{"line":25,"column":3}}}},"branchMap":{},"s":{"0":1,"1":0,"2":0,"3":0,"4":0,"5":0,"6":1},"f":{"0":0,"1":0,"2":0},"b":{}}
,"D:\\social_media\\server\\src\\utils\\Router\\AppRouter.ts": {"path":"D:\\social_media\\server\\src\\utils\\Router\\AppRouter.ts","statementMap":{"0":{"start":{"line":1,"column":0},"end":{"line":1,"column":38}},"1":{"start":{"line":6,"column":8},"end":{"line":8,"column":null}},"2":{"start":{"line":7,"column":12},"end":{"line":7,"column":37}},"3":{"start":{"line":9,"column":8},"end":{"line":9,"column":29}},"4":{"start":{"line":3,"column":0},"end":{"line":3,"column":21}}},"fnMap":{"0":{"name":"(anonymous_0)","decl":{"start":{"line":5,"column":4},"end":{"line":5,"column":10}},"loc":{"start":{"line":5,"column":22},"end":{"line":10,"column":5}}}},"branchMap":{"0":{"loc":{"start":{"line":6,"column":8},"end":{"line":8,"column":null}},"type":"if","locations":[{"start":{"line":6,"column":8},"end":{"line":8,"column":null}}]}},"s":{"0":1,"1":4,"2":1,"3":4,"4":1},"f":{"0":4},"b":{"0":[1]}}
,"D:\\social_media\\server\\src\\utils\\Router\\RouterBudler.ts": {"path":"D:\\social_media\\server\\src\\utils\\Router\\RouterBudler.ts","statementMap":{"0":{"start":{"line":2,"column":0},"end":{"line":2,"column":null}},"1":{"start":{"line":3,"column":2},"end":{"line":3,"column":null}},"2":{"start":{"line":4,"column":2},"end":{"line":4,"column":null}},"3":{"start":{"line":5,"column":2},"end":{"line":5,"column":null}},"4":{"start":{"line":6,"column":2},"end":{"line":6,"column":null}},"5":{"start":{"line":7,"column":2},"end":{"line":7,"column":null}},"6":{"start":{"line":18,"column":11},"end":{"line":18,"column":23}},"7":{"start":{"line":19,"column":11},"end":{"line":19,"column":30}},"8":{"start":{"line":20,"column":11},"end":{"line":20,"column":33}},"9":{"start":{"line":21,"column":11},"end":{"line":21,"column":41}},"10":{"start":{"line":16,"column":0},"end":{"line":16,"column":21}}},"fnMap":{"0":{"name":"(anonymous_0)","decl":{"start":{"line":2,"column":0},"end":{"line":2,"column":12}},"loc":{"start":{"line":2,"column":23},"end":{"line":8,"column":1}}},"1":{"name":"(anonymous_1)","decl":{"start":{"line":17,"column":2},"end":{"line":17,"column":null}},"loc":{"start":{"line":21,"column":41},"end":{"line":22,"column":6}}}},"branchMap":{"0":{"loc":{"start":{"line":2,"column":12},"end":{"line":2,"column":null}},"type":"binary-expr","locations":[{"start":{"line":2,"column":12},"end":{"line":2,"column":23}},{"start":{"line":2,"column":12},"end":{"line":2,"column":null}}]}},"s":{"0":1,"1":1,"2":1,"3":1,"4":1,"5":1,"6":30,"7":30,"8":30,"9":30,"10":1},"f":{"0":1,"1":30},"b":{"0":[1,1]}}
,"D:\\social_media\\server\\src\\utils\\error\\ErrorHandler.ts": {"path":"D:\\social_media\\server\\src\\utils\\error\\ErrorHandler.ts","statementMap":{"0":{"start":{"line":5,"column":4},"end":{"line":5,"column":19}},"1":{"start":{"line":6,"column":4},"end":{"line":6,"column":33}},"2":{"start":{"line":7,"column":4},"end":{"line":7,"column":35}},"3":{"start":{"line":8,"column":4},"end":{"line":8,"column":52}},"4":{"start":{"line":1,"column":0},"end":{"line":1,"column":21}}},"fnMap":{"0":{"name":"(anonymous_0)","decl":{"start":{"line":4,"column":2},"end":{"line":4,"column":14}},"loc":{"start":{"line":4,"column":71},"end":{"line":9,"column":3}}}},"branchMap":{},"s":{"0":0,"1":0,"2":0,"3":0,"4":1},"f":{"0":0},"b":{}}
,"D:\\social_media\\server\\src\\utils\\error\\catchAsyncErrors.ts": {"path":"D:\\social_media\\server\\src\\utils\\error\\catchAsyncErrors.ts","statementMap":{"0":{"start":{"line":6,"column":2},"end":{"line":8,"column":4}},"1":{"start":{"line":7,"column":4},"end":{"line":7,"column":52}},"2":{"start":{"line":3,"column":0},"end":{"line":3,"column":24}}},"fnMap":{"0":{"name":"catchAsyncErrors","decl":{"start":{"line":3,"column":24},"end":{"line":3,"column":40}},"loc":{"start":{"line":4,"column":63},"end":{"line":9,"column":1}}},"1":{"name":"(anonymous_1)","decl":{"start":{"line":6,"column":9},"end":{"line":6,"column":10}},"loc":{"start":{"line":6,"column":61},"end":{"line":8,"column":3}}}},"branchMap":{},"s":{"0":30,"1":0,"2":1},"f":{"0":30,"1":0},"b":{}}
}
