TN:
SF:src\App.ts
FN:24,(anonymous_1)
FN:32,(anonymous_2)
FN:33,(anonymous_3)
FN:35,(anonymous_4)
FN:42,(anonymous_5)
FN:45,(anonymous_6)
FN:51,(anonymous_7)
FN:54,(anonymous_8)
FN:55,(anonymous_9)
FNF:9
FNH:7
FNDA:1,(anonymous_1)
FNDA:1,(anonymous_2)
FNDA:4,(anonymous_3)
FNDA:30,(anonymous_4)
FNDA:1,(anonymous_5)
FNDA:1,(anonymous_6)
FNDA:1,(anonymous_7)
FNDA:0,(anonymous_8)
FNDA:0,(anonymous_9)
DA:1,1
DA:3,1
DA:6,1
DA:7,1
DA:8,1
DA:9,1
DA:10,1
DA:11,1
DA:13,1
DA:15,1
DA:16,1
DA:17,1
DA:18,1
DA:19,1
DA:20,1
DA:22,1
DA:25,1
DA:26,1
DA:27,1
DA:28,1
DA:29,1
DA:30,1
DA:33,1
DA:34,4
DA:35,4
DA:36,30
DA:37,30
DA:39,4
DA:43,1
DA:46,1
DA:47,1
DA:48,1
DA:49,1
DA:52,1
DA:55,0
DA:56,0
DA:58,0
LF:37
LH:34
BRDA:37,0,0,30
BRDA:37,0,1,14
BRF:2
BRH:2
end_of_record
TN:
SF:src\config\config.ts
FNF:0
FNH:0
DA:1,1
DA:2,1
DA:3,1
LF:3
LH:3
BRDA:4,0,0,1
BRDA:4,0,1,1
BRDA:5,1,0,1
BRDA:5,1,1,1
BRF:4
BRH:4
end_of_record
TN:
SF:src\config\db.ts
FN:6,(anonymous_1)
FN:11,(anonymous_2)
FN:15,(anonymous_3)
FN:23,(anonymous_4)
FNF:4
FNH:2
FNDA:1,(anonymous_1)
FNDA:0,(anonymous_2)
FNDA:0,(anonymous_3)
FNDA:1,(anonymous_4)
DA:1,1
DA:2,1
DA:3,1
DA:4,1
DA:7,1
DA:12,0
DA:15,1
DA:16,0
DA:17,0
DA:20,0
DA:24,1
DA:27,1
DA:28,1
LF:13
LH:9
BRF:0
BRH:0
end_of_record
TN:
SF:src\controller\comment.controller.ts
FN:13,(anonymous_14)
FN:14,(anonymous_15)
FN:37,(anonymous_17)
FN:63,(anonymous_19)
FN:115,(anonymous_21)
FN:163,(anonymous_23)
FN:205,(anonymous_25)
FN:264,(anonymous_27)
FN:315,(anonymous_29)
FNF:9
FNH:1
FNDA:1,(anonymous_14)
FNDA:0,(anonymous_15)
FNDA:0,(anonymous_17)
FNDA:0,(anonymous_19)
FNDA:0,(anonymous_21)
FNDA:0,(anonymous_23)
FNDA:0,(anonymous_25)
FNDA:0,(anonymous_27)
FNDA:0,(anonymous_29)
DA:1,1
DA:8,1
DA:9,1
DA:11,1
DA:12,1
DA:13,1
DA:14,1
DA:19,0
DA:20,0
DA:21,0
DA:22,0
DA:24,0
DA:29,0
DA:30,0
DA:37,1
DA:42,0
DA:43,0
DA:44,0
DA:45,0
DA:47,0
DA:48,0
DA:49,0
DA:51,0
DA:54,0
DA:55,0
DA:63,1
DA:69,0
DA:70,0
DA:71,0
DA:72,0
DA:74,0
DA:75,0
DA:77,0
DA:78,0
DA:79,0
DA:83,0
DA:84,0
DA:86,0
DA:87,0
DA:88,0
DA:89,0
DA:91,0
DA:92,0
DA:93,0
DA:95,0
DA:96,0
DA:97,0
DA:106,0
DA:107,0
DA:115,1
DA:121,0
DA:122,0
DA:123,0
DA:124,0
DA:126,0
DA:127,0
DA:129,0
DA:130,0
DA:133,0
DA:134,0
DA:135,0
DA:136,0
DA:138,0
DA:139,0
DA:140,0
DA:142,0
DA:143,0
DA:144,0
DA:146,0
DA:147,0
DA:149,0
DA:150,0
DA:151,0
DA:152,0
DA:154,0
DA:155,0
DA:163,1
DA:169,0
DA:170,0
DA:171,0
DA:174,0
DA:175,0
DA:176,0
DA:178,0
DA:179,0
DA:180,0
DA:182,0
DA:183,0
DA:184,0
DA:186,0
DA:187,0
DA:189,0
DA:190,0
DA:191,0
DA:192,0
DA:193,0
DA:195,0
DA:196,0
DA:197,0
DA:205,1
DA:210,0
DA:211,0
DA:212,0
DA:213,0
DA:214,0
DA:215,0
DA:217,0
DA:218,0
DA:219,0
DA:221,0
DA:222,0
DA:223,0
DA:225,0
DA:226,0
DA:228,0
DA:232,0
DA:233,0
DA:235,0
DA:236,0
DA:237,0
DA:238,0
DA:241,0
DA:243,0
DA:258,0
DA:264,1
DA:269,0
DA:270,0
DA:271,0
DA:272,0
DA:273,0
DA:275,0
DA:276,0
DA:278,0
DA:279,0
DA:280,0
DA:282,0
DA:283,0
DA:284,0
DA:286,0
DA:287,0
DA:289,0
DA:290,0
DA:291,0
DA:293,0
DA:297,0
DA:298,0
DA:300,0
DA:309,0
DA:315,1
DA:320,0
DA:321,0
DA:322,0
DA:323,0
DA:324,0
DA:326,0
DA:327,0
DA:329,0
DA:330,0
DA:331,0
DA:333,0
DA:334,0
DA:335,0
DA:337,0
DA:338,0
DA:340,0
DA:344,0
DA:345,0
DA:347,0
DA:360,0
LF:169
LH:14
BRDA:21,0,0,0
BRDA:44,1,0,0
BRDA:48,2,0,0
BRDA:71,3,0,0
BRDA:74,4,0,0
BRDA:74,4,1,0
BRDA:78,5,0,0
BRDA:83,6,0,0
BRDA:88,7,0,0
BRDA:88,8,0,0
BRDA:88,8,1,0
BRDA:92,9,0,0
BRDA:123,10,0,0
BRDA:126,11,0,0
BRDA:129,12,0,0
BRDA:135,13,0,0
BRDA:139,14,0,0
BRDA:143,15,0,0
BRDA:146,16,0,0
BRDA:151,17,0,0
BRDA:170,18,0,0
BRDA:175,19,0,0
BRDA:179,20,0,0
BRDA:183,21,0,0
BRDA:186,22,0,0
BRDA:192,23,0,0
BRDA:192,24,0,0
BRDA:192,24,1,0
BRDA:196,25,0,0
BRDA:196,25,1,0
BRDA:196,26,0,0
BRDA:196,26,1,0
BRDA:214,27,0,0
BRDA:214,28,0,0
BRDA:214,28,1,0
BRDA:218,29,0,0
BRDA:222,30,0,0
BRDA:225,31,0,0
BRDA:232,32,0,0
BRDA:235,33,0,0
BRDA:235,33,1,0
BRDA:237,34,0,0
BRDA:272,35,0,0
BRDA:275,36,0,0
BRDA:279,37,0,0
BRDA:283,38,0,0
BRDA:286,39,0,0
BRDA:290,40,0,0
BRDA:297,41,0,0
BRDA:323,42,0,0
BRDA:326,43,0,0
BRDA:330,44,0,0
BRDA:334,45,0,0
BRDA:337,46,0,0
BRDA:344,47,0,0
BRF:55
BRH:0
end_of_record
TN:
SF:src\controller\post.controller.ts
FN:17,(anonymous_8)
FN:18,(anonymous_9)
FN:26,(anonymous_11)
FN:59,(anonymous_12)
FN:67,(anonymous_14)
FN:106,(anonymous_15)
FN:121,(anonymous_17)
FN:135,(anonymous_19)
FN:158,(anonymous_21)
FN:177,(anonymous_23)
FN:189,(anonymous_25)
FN:216,(anonymous_26)
FN:222,(anonymous_27)
FN:274,(anonymous_29)
FN:316,(anonymous_31)
FNF:15
FNH:1
FNDA:1,(anonymous_8)
FNDA:0,(anonymous_9)
FNDA:0,(anonymous_11)
FNDA:0,(anonymous_12)
FNDA:0,(anonymous_14)
FNDA:0,(anonymous_15)
FNDA:0,(anonymous_17)
FNDA:0,(anonymous_19)
FNDA:0,(anonymous_21)
FNDA:0,(anonymous_23)
FNDA:0,(anonymous_25)
FNDA:0,(anonymous_26)
FNDA:0,(anonymous_27)
FNDA:0,(anonymous_29)
FNDA:0,(anonymous_31)
DA:1,1
DA:3,1
DA:5,1
DA:6,1
DA:9,1
DA:10,1
DA:11,1
DA:12,1
DA:17,1
DA:18,1
DA:23,0
DA:24,0
DA:25,0
DA:26,0
DA:27,0
DA:35,0
DA:36,0
DA:37,0
DA:38,0
DA:39,0
DA:40,0
DA:42,0
DA:51,0
DA:52,0
DA:54,0
DA:59,1
DA:64,0
DA:65,0
DA:66,0
DA:67,0
DA:68,0
DA:76,0
DA:77,0
DA:78,0
DA:79,0
DA:80,0
DA:82,0
DA:83,0
DA:84,0
DA:87,0
DA:88,0
DA:90,0
DA:96,0
DA:97,0
DA:99,0
DA:106,1
DA:111,0
DA:112,0
DA:113,0
DA:115,0
DA:116,0
DA:117,0
DA:119,0
DA:121,1
DA:126,0
DA:132,0
DA:133,0
DA:135,1
DA:140,0
DA:141,0
DA:142,0
DA:144,0
DA:145,0
DA:146,0
DA:148,0
DA:154,0
DA:155,0
DA:158,1
DA:163,0
DA:164,0
DA:165,0
DA:167,0
DA:168,0
DA:169,0
DA:171,0
DA:172,0
DA:173,0
DA:177,1
DA:182,0
DA:183,0
DA:184,0
DA:186,0
DA:187,0
DA:190,0
DA:191,0
DA:193,0
DA:194,0
DA:196,0
DA:197,0
DA:198,0
DA:199,0
DA:200,0
DA:201,0
DA:208,0
DA:209,0
DA:212,0
DA:215,0
DA:216,0
DA:217,0
DA:222,1
DA:227,0
DA:228,0
DA:229,0
DA:230,0
DA:231,0
DA:232,0
DA:234,0
DA:235,0
DA:236,0
DA:238,0
DA:242,0
DA:243,0
DA:245,0
DA:246,0
DA:247,0
DA:248,0
DA:251,0
DA:253,0
DA:268,0
DA:274,1
DA:279,0
DA:280,0
DA:281,0
DA:282,0
DA:283,0
DA:285,0
DA:286,0
DA:287,0
DA:290,0
DA:291,0
DA:292,0
DA:294,0
DA:298,0
DA:299,0
DA:301,0
DA:310,0
DA:316,1
DA:321,0
DA:322,0
DA:323,0
DA:324,0
DA:326,0
DA:327,0
DA:328,0
DA:330,0
DA:334,0
DA:335,0
DA:337,0
DA:350,0
LF:149
LH:19
BRDA:25,0,0,0
BRDA:39,1,0,0
BRDA:39,2,0,0
BRDA:39,2,1,0
BRDA:51,3,0,0
BRDA:66,4,0,0
BRDA:79,5,0,0
BRDA:83,6,0,0
BRDA:87,7,0,0
BRDA:96,8,0,0
BRDA:112,9,0,0
BRDA:116,10,0,0
BRDA:141,11,0,0
BRDA:145,12,0,0
BRDA:164,13,0,0
BRDA:168,14,0,0
BRDA:172,15,0,0
BRDA:172,15,1,0
BRDA:172,16,0,0
BRDA:172,16,1,0
BRDA:183,17,0,0
BRDA:186,18,0,0
BRDA:186,18,1,0
BRDA:190,19,0,0
BRDA:193,20,0,0
BRDA:231,21,0,0
BRDA:235,22,0,0
BRDA:242,23,0,0
BRDA:245,24,0,0
BRDA:245,24,1,0
BRDA:247,25,0,0
BRDA:282,26,0,0
BRDA:286,27,0,0
BRDA:291,28,0,0
BRDA:298,29,0,0
BRDA:323,30,0,0
BRDA:327,31,0,0
BRDA:334,32,0,0
BRF:38
BRH:0
end_of_record
TN:
SF:src\controller\user.controller.ts
FN:17,(anonymous_8)
FN:18,(anonymous_9)
FN:46,(anonymous_11)
FN:76,(anonymous_13)
FN:94,(anonymous_15)
FN:107,(anonymous_17)
FN:107,(anonymous_18)
FN:123,(anonymous_19)
FN:166,(anonymous_21)
FN:198,(anonymous_23)
FN:237,(anonymous_25)
FN:254,(anonymous_27)
FN:273,(anonymous_29)
FN:284,(anonymous_31)
FNF:14
FNH:1
FNDA:1,(anonymous_8)
FNDA:0,(anonymous_9)
FNDA:0,(anonymous_11)
FNDA:0,(anonymous_13)
FNDA:0,(anonymous_15)
FNDA:0,(anonymous_17)
FNDA:0,(anonymous_18)
FNDA:0,(anonymous_19)
FNDA:0,(anonymous_21)
FNDA:0,(anonymous_23)
FNDA:0,(anonymous_25)
FNDA:0,(anonymous_27)
FNDA:0,(anonymous_29)
FNDA:0,(anonymous_31)
DA:4,1
DA:5,1
DA:7,1
DA:8,1
DA:9,1
DA:10,1
DA:12,1
DA:13,1
DA:14,1
DA:15,1
DA:17,1
DA:18,1
DA:23,0
DA:24,0
DA:25,0
DA:26,0
DA:28,0
DA:33,0
DA:34,0
DA:38,0
DA:39,0
DA:41,0
DA:46,1
DA:51,0
DA:52,0
DA:53,0
DA:54,0
DA:56,0
DA:57,0
DA:58,0
DA:60,0
DA:61,0
DA:65,0
DA:66,0
DA:68,0
DA:76,1
DA:81,0
DA:82,0
DA:83,0
DA:85,0
DA:89,0
DA:94,1
DA:99,0
DA:100,0
DA:101,0
DA:102,0
DA:104,0
DA:106,0
DA:107,0
DA:108,0
DA:112,0
DA:114,0
DA:115,0
DA:116,0
DA:123,1
DA:128,0
DA:129,0
DA:130,0
DA:132,0
DA:133,0
DA:134,0
DA:136,0
DA:137,0
DA:138,0
DA:139,0
DA:142,0
DA:143,0
DA:146,0
DA:147,0
DA:148,0
DA:154,0
DA:156,0
DA:157,0
DA:158,0
DA:159,0
DA:160,0
DA:162,0
DA:166,1
DA:171,0
DA:172,0
DA:173,0
DA:174,0
DA:176,0
DA:177,0
DA:181,0
DA:182,0
DA:184,0
DA:185,0
DA:188,0
DA:189,0
DA:190,0
DA:191,0
DA:192,0
DA:198,1
DA:203,0
DA:204,0
DA:205,0
DA:206,0
DA:207,0
DA:209,0
DA:210,0
DA:212,0
DA:216,0
DA:222,0
DA:223,0
DA:229,0
DA:230,0
DA:232,0
DA:237,1
DA:242,0
DA:243,0
DA:244,0
DA:245,0
DA:247,0
DA:248,0
DA:249,0
DA:254,1
DA:259,0
DA:260,0
DA:261,0
DA:263,0
DA:264,0
DA:265,0
DA:267,0
DA:268,0
DA:270,0
DA:271,0
DA:273,1
DA:278,0
DA:281,0
DA:282,0
DA:284,1
DA:289,0
DA:290,0
DA:291,0
DA:293,0
DA:294,0
DA:295,0
DA:297,0
DA:298,0
DA:300,0
LF:141
LH:22
BRDA:25,0,0,0
BRDA:38,1,0,0
BRDA:53,2,0,0
BRDA:57,3,0,0
BRDA:65,4,0,0
BRDA:82,5,0,0
BRDA:101,6,0,0
BRDA:106,7,0,0
BRDA:129,8,0,0
BRDA:133,9,0,0
BRDA:147,10,0,0
BRDA:159,11,0,0
BRDA:173,12,0,0
BRDA:181,13,0,0
BRDA:184,14,0,0
BRDA:206,15,0,0
BRDA:209,16,0,0
BRDA:229,17,0,0
BRDA:244,18,0,0
BRDA:260,19,0,0
BRDA:264,20,0,0
BRDA:267,21,0,0
BRDA:290,22,0,0
BRDA:294,23,0,0
BRDA:297,24,0,0
BRF:25
BRH:0
end_of_record
TN:
SF:src\middleware\auth.middleware.ts
FN:9,(anonymous_8)
FNF:1
FNH:0
FNDA:0,(anonymous_8)
DA:3,1
DA:4,1
DA:5,1
DA:6,1
DA:7,1
DA:9,1
DA:14,0
DA:15,0
DA:16,0
DA:18,0
DA:19,0
DA:20,0
DA:21,0
DA:22,0
DA:23,0
DA:24,0
DA:26,0
DA:28,0
LF:18
LH:6
BRDA:15,0,0,0
BRDA:19,1,0,0
BRDA:21,2,0,0
BRF:3
BRH:0
end_of_record
TN:
SF:src\middleware\bodyValidator.middleware.ts
FN:7,default_1
FNF:1
FNH:0
FNDA:0,default_1
DA:7,1
DA:8,0
DA:9,0
DA:11,0
DA:12,0
DA:13,0
DA:19,0
DA:20,0
DA:25,0
DA:26,0
DA:31,0
DA:32,0
DA:33,0
DA:38,0
LF:14
LH:1
BRDA:12,0,0,0
BRDA:19,1,0,0
BRDA:25,2,0,0
BRDA:32,3,0,0
BRF:4
BRH:0
end_of_record
TN:
SF:src\middleware\error.middleware.ts
FN:3,(anonymous_0)
FN:4,(anonymous_1)
FNF:2
FNH:1
FNDA:1,(anonymous_0)
FNDA:0,(anonymous_1)
DA:3,1
DA:4,1
DA:11,0
DA:12,0
DA:13,0
DA:15,0
LF:6
LH:2
BRDA:11,0,0,0
BRDA:11,0,1,0
BRDA:12,1,0,0
BRDA:17,2,0,0
BRDA:17,2,1,0
BRF:5
BRH:0
end_of_record
TN:
SF:src\middleware\fileUpload.middleware.ts
FN:9,(anonymous_1)
FN:10,(anonymous_2)
FNF:2
FNH:0
FNDA:0,(anonymous_1)
FNDA:0,(anonymous_2)
DA:1,1
DA:2,1
DA:4,1
DA:5,1
DA:6,1
DA:7,1
DA:10,0
DA:12,0
DA:13,0
DA:14,0
DA:15,0
DA:16,0
DA:17,0
DA:21,0
DA:23,0
DA:28,1
LF:16
LH:7
BRDA:15,0,0,0
BRDA:15,1,0,0
BRDA:15,1,1,0
BRF:3
BRH:0
end_of_record
TN:
SF:src\middleware\internationalization.middleware.ts
FNF:0
FNH:0
DA:1,1
DA:2,1
DA:4,1
DA:5,1
DA:12,1
LF:5
LH:5
BRF:0
BRH:0
end_of_record
TN:
SF:src\middleware\postValidator.middleware.ts
FN:8,default_1
FNF:1
FNH:0
FNDA:0,default_1
DA:8,1
DA:9,0
DA:10,0
DA:12,0
DA:13,0
DA:14,0
DA:20,0
DA:21,0
DA:26,0
DA:27,0
DA:32,0
DA:33,0
DA:38,0
DA:39,0
DA:44,0
LF:15
LH:1
BRDA:13,0,0,0
BRDA:20,1,0,0
BRDA:26,2,0,0
BRDA:32,3,0,0
BRDA:38,4,0,0
BRF:5
BRH:0
end_of_record
TN:
SF:src\middleware\requestQueryValidators.ts
FN:4,default_1
FN:17,(anonymous_1)
FNF:2
FNH:0
FNDA:0,default_1
FNDA:0,(anonymous_1)
DA:4,1
DA:6,0
DA:9,0
DA:10,0
DA:11,0
DA:12,0
DA:17,0
DA:18,0
DA:19,0
DA:20,0
DA:25,0
LF:11
LH:1
BRDA:6,0,0,0
BRDA:6,0,1,0
BRDA:11,1,0,0
BRDA:11,2,0,0
BRDA:11,2,1,0
BRDA:11,3,0,0
BRDA:11,3,1,0
BRDA:19,4,0,0
BRF:8
BRH:0
end_of_record
TN:
SF:src\middleware\upload.middleware.ts
FN:9,(anonymous_1)
FNF:1
FNH:0
FNDA:0,(anonymous_1)
DA:1,1
DA:5,1
DA:14,0
DA:16,0
DA:18,0
LF:5
LH:2
BRDA:14,0,0,0
BRF:1
BRH:0
end_of_record
TN:
SF:src\middleware\validateApiKey.middleware.ts
FN:4,default_1
FNF:1
FNH:0
FNDA:0,default_1
DA:2,1
DA:3,1
DA:4,1
DA:5,0
DA:6,0
DA:7,0
DA:9,0
LF:7
LH:3
BRDA:6,0,0,0
BRF:1
BRH:0
end_of_record
TN:
SF:src\model\comments.model.ts
FN:4,(anonymous_1)
FNF:1
FNH:1
FNDA:1,(anonymous_1)
DA:1,1
DA:2,1
DA:4,1
DA:5,1
DA:6,1
DA:7,1
DA:8,1
DA:9,1
DA:28,1
DA:74,1
DA:76,1
DA:80,1
LF:12
LH:12
BRDA:4,0,0,1
BRDA:4,0,1,1
BRF:2
BRH:2
end_of_record
TN:
SF:src\model\post.model.ts
FN:3,(anonymous_1)
FNF:1
FNH:1
FNDA:1,(anonymous_1)
DA:1,1
DA:2,1
DA:3,1
DA:4,1
DA:5,1
DA:6,1
DA:7,1
DA:8,1
DA:33,1
DA:96,1
DA:101,1
DA:102,1
DA:103,1
LF:13
LH:13
BRDA:3,0,0,1
BRDA:3,0,1,1
BRF:2
BRH:2
end_of_record
TN:
SF:src\model\user.model.ts
FN:48,(anonymous_8)
FN:58,(anonymous_10)
FN:61,(anonymous_11)
FN:71,(anonymous_13)
FN:73,(anonymous_15)
FN:79,(anonymous_17)
FNF:6
FNH:0
FNDA:0,(anonymous_8)
FNDA:0,(anonymous_10)
FNDA:0,(anonymous_11)
FNDA:0,(anonymous_13)
FNDA:0,(anonymous_15)
FNDA:0,(anonymous_17)
DA:1,1
DA:2,1
DA:3,1
DA:4,1
DA:5,1
DA:6,1
DA:22,1
DA:48,1
DA:49,0
DA:50,0
DA:52,0
DA:53,0
DA:55,0
DA:58,1
DA:59,0
DA:61,1
DA:62,0
DA:63,0
DA:67,0
DA:68,0
DA:69,0
DA:71,1
DA:72,0
DA:73,0
DA:74,0
DA:75,0
DA:76,0
DA:79,1
DA:80,0
DA:82,1
DA:83,1
DA:84,1
LF:32
LH:15
BRDA:49,0,0,0
BRF:1
BRH:0
end_of_record
TN:
SF:src\routes\comment.router.ts
FNF:0
FNH:0
DA:1,1
DA:2,1
DA:3,1
DA:4,1
DA:5,1
DA:6,1
LF:6
LH:6
BRF:0
BRH:0
end_of_record
TN:
SF:src\routes\defaultRoute.ts
FN:5,(anonymous_1)
FNF:1
FNH:0
FNDA:0,(anonymous_1)
DA:1,1
DA:3,1
DA:4,1
DA:6,0
LF:4
LH:3
BRF:0
BRH:0
end_of_record
TN:
SF:src\routes\post.router.ts
FNF:0
FNH:0
DA:1,1
DA:2,1
DA:3,1
DA:4,1
DA:5,1
DA:6,1
DA:7,1
DA:9,1
LF:8
LH:8
BRF:0
BRH:0
end_of_record
TN:
SF:src\routes\user.router.ts
FNF:0
FNH:0
DA:1,1
DA:2,1
DA:3,1
DA:4,1
DA:5,1
DA:6,1
DA:7,1
DA:9,1
LF:8
LH:8
BRF:0
BRH:0
end_of_record
TN:
SF:src\services\mongoose.service.ts
FN:4,(anonymous_0)
FN:11,(anonymous_1)
FN:20,(anonymous_2)
FN:29,(anonymous_3)
FN:38,(anonymous_4)
FN:46,(anonymous_5)
FN:55,(anonymous_6)
FN:63,(anonymous_7)
FN:75,(anonymous_8)
FN:85,(anonymous_9)
FN:96,(anonymous_10)
FN:108,(anonymous_11)
FNF:12
FNH:1
FNDA:3,(anonymous_0)
FNDA:0,(anonymous_1)
FNDA:0,(anonymous_2)
FNDA:0,(anonymous_3)
FNDA:0,(anonymous_4)
FNDA:0,(anonymous_5)
FNDA:0,(anonymous_6)
FNDA:0,(anonymous_7)
FNDA:0,(anonymous_8)
FNDA:0,(anonymous_9)
FNDA:0,(anonymous_10)
FNDA:0,(anonymous_11)
DA:3,1
DA:4,3
DA:12,0
DA:21,0
DA:30,0
DA:39,0
DA:47,0
DA:56,0
DA:64,0
DA:76,0
DA:86,0
DA:101,0
DA:113,0
LF:13
LH:2
BRDA:99,0,0,0
BRDA:111,1,0,0
BRF:2
BRH:0
end_of_record
TN:
SF:src\utils\logger.ts
FN:2,(anonymous_1)
FN:8,(anonymous_2)
FN:14,(anonymous_3)
FN:29,(anonymous_4)
FN:33,(anonymous_5)
FNF:5
FNH:2
FNDA:1,(anonymous_1)
FNDA:1,(anonymous_2)
FNDA:0,(anonymous_3)
FNDA:0,(anonymous_4)
FNDA:0,(anonymous_5)
DA:1,1
DA:2,1
DA:3,1
DA:4,1
DA:5,1
DA:6,1
DA:8,1
DA:9,1
DA:10,1
DA:11,1
DA:12,1
DA:14,1
DA:15,0
DA:16,0
DA:17,0
DA:18,0
DA:29,1
DA:30,0
DA:33,0
LF:19
LH:13
BRDA:2,0,0,1
BRDA:2,0,1,1
BRDA:8,1,0,1
BRDA:8,1,1,1
BRDA:16,2,0,0
BRF:5
BRH:4
end_of_record
TN:
SF:src\utils\mailer.ts
FN:26,sendEMail
FNF:1
FNH:0
FNDA:0,sendEMail
DA:1,1
DA:2,1
DA:9,1
DA:10,1
DA:11,1
DA:12,1
DA:14,1
DA:26,1
DA:27,0
DA:33,0
LF:10
LH:8
BRF:0
BRH:0
end_of_record
TN:
SF:src\utils\Aggregation\ApiFeatures.ts
FN:6,(anonymous_0)
FN:9,(anonymous_1)
FN:17,(anonymous_2)
FN:50,(anonymous_3)
FN:78,(anonymous_4)
FNF:5
FNH:0
FNDA:0,(anonymous_0)
FNDA:0,(anonymous_1)
FNDA:0,(anonymous_2)
FNDA:0,(anonymous_3)
FNDA:0,(anonymous_4)
DA:3,1
DA:4,0
DA:7,0
DA:10,0
DA:15,0
DA:19,0
DA:20,0
DA:38,0
DA:41,0
DA:48,0
DA:52,0
DA:53,0
DA:65,0
DA:68,0
DA:69,0
DA:74,0
DA:76,0
DA:79,0
DA:80,0
DA:81,0
DA:82,0
DA:95,0
LF:22
LH:1
BRDA:19,0,0,0
BRDA:52,1,0,0
BRDA:68,2,0,0
BRDA:79,3,0,0
BRDA:79,3,1,0
BRDA:80,4,0,0
BRDA:80,4,1,0
BRF:7
BRH:0
end_of_record
TN:
SF:src\utils\Aggregation\CommentsAggregaion.ts
FN:4,(anonymous_1)
FN:7,(anonymous_2)
FN:15,(anonymous_3)
FNF:3
FNH:0
FNDA:0,(anonymous_1)
FNDA:0,(anonymous_2)
FNDA:0,(anonymous_3)
DA:1,1
DA:3,1
DA:5,0
DA:8,0
DA:13,0
DA:16,0
DA:31,0
LF:7
LH:2
BRF:0
BRH:0
end_of_record
TN:
SF:src\utils\Aggregation\PostAggregation.ts
FN:5,(anonymous_1)
FN:8,(anonymous_2)
FN:16,(anonymous_3)
FN:29,(anonymous_4)
FNF:4
FNH:0
FNDA:0,(anonymous_1)
FNDA:0,(anonymous_2)
FNDA:0,(anonymous_3)
FNDA:0,(anonymous_4)
DA:2,1
DA:4,1
DA:6,0
DA:9,0
DA:14,0
DA:17,0
DA:18,0
DA:19,0
DA:27,0
DA:30,0
DA:38,0
LF:11
LH:2
BRDA:17,0,0,0
BRF:1
BRH:0
end_of_record
TN:
SF:src\utils\Aggregation\UserAggregation.ts
FN:4,(anonymous_1)
FN:7,(anonymous_2)
FN:15,(anonymous_3)
FNF:3
FNH:0
FNDA:0,(anonymous_1)
FNDA:0,(anonymous_2)
FNDA:0,(anonymous_3)
DA:1,1
DA:3,1
DA:5,0
DA:8,0
DA:13,0
DA:16,0
DA:24,0
LF:7
LH:2
BRF:0
BRH:0
end_of_record
TN:
SF:src\utils\Router\AppRouter.ts
FN:5,(anonymous_0)
FNF:1
FNH:1
FNDA:4,(anonymous_0)
DA:1,1
DA:3,1
DA:6,4
DA:7,1
DA:9,4
LF:5
LH:5
BRDA:6,0,0,1
BRF:1
BRH:1
end_of_record
TN:
SF:src\utils\Router\RouterBudler.ts
FN:2,(anonymous_0)
FN:17,(anonymous_1)
FNF:2
FNH:2
FNDA:1,(anonymous_0)
FNDA:30,(anonymous_1)
DA:2,1
DA:3,1
DA:4,1
DA:5,1
DA:6,1
DA:7,1
DA:16,1
DA:18,30
DA:19,30
DA:20,30
DA:21,30
LF:11
LH:11
BRDA:2,0,0,1
BRDA:2,0,1,1
BRF:2
BRH:2
end_of_record
TN:
SF:src\utils\error\ErrorHandler.ts
FN:4,(anonymous_0)
FNF:1
FNH:0
FNDA:0,(anonymous_0)
DA:1,1
DA:5,0
DA:6,0
DA:7,0
DA:8,0
LF:5
LH:1
BRF:0
BRH:0
end_of_record
TN:
SF:src\utils\error\catchAsyncErrors.ts
FN:3,catchAsyncErrors
FN:6,(anonymous_1)
FNF:2
FNH:1
FNDA:30,catchAsyncErrors
FNDA:0,(anonymous_1)
DA:3,1
DA:6,30
DA:7,0
LF:3
LH:2
BRF:0
BRH:0
end_of_record
